<?xml version="1.0" encoding="UTF-8"?>
<robot generator="Robot 7.0 (Python 3.9.6 on win32)" generated="2025-04-11T17:00:29.140461" rpa="false" schemaversion="5">
<suite id="s1" name="Doctest testcases" source="C:\Phawat\work\csproject\cs-project\testcases\Doctest_testcases.robot">
<test id="s1-t1" name="TC x. 1 DocTest" line="24">
<kw name="Check PDF Should Contain Strings" owner="Doctest_keywords">
<kw name="Create List" owner="BuiltIn">
<msg time="2025-04-11T17:00:30.321278" level="INFO">@{strings} = [ Alice ]</msg>
<var>@{strings}</var>
<arg>${strings}</arg>
<doc>Returns a list containing given items.</doc>
<status status="PASS" start="2025-04-11T17:00:30.320777" elapsed="0.000501"/>
</kw>
<kw name="PDF Should Contain Strings" owner="DocTest.PdfTest">
<msg time="2025-04-11T17:00:30.405741" level="INFO">Found Texts:
[{'text': 'Alice', 'document': 'data/Customer details alice.pdf', 'page': 1}]</msg>
<arg>${strings}</arg>
<arg>${pdf_file}</arg>
<doc>Checks if each item provided in the list ``expected_text_list`` appears in the PDF File ``candidate_document``.</doc>
<status status="PASS" start="2025-04-11T17:00:30.322048" elapsed="0.084194"/>
</kw>
<arg>Alice</arg>
<arg>${customer1_file}</arg>
<status status="PASS" start="2025-04-11T17:00:30.318763" elapsed="0.087479"/>
</kw>
<tag>test</tag>
<status status="PASS" start="2025-04-11T17:00:30.316877" elapsed="0.090373"/>
</test>
<test id="s1-t2" name="TC x. 2 DocTest" line="28">
<kw name="Check PDF Should Contain Strings" owner="Doctest_keywords">
<kw name="Create List" owner="BuiltIn">
<msg time="2025-04-11T17:00:30.410124" level="INFO">@{strings} = [ Alice ]</msg>
<var>@{strings}</var>
<arg>${strings}</arg>
<doc>Returns a list containing given items.</doc>
<status status="PASS" start="2025-04-11T17:00:30.409515" elapsed="0.000942"/>
</kw>
<kw name="PDF Should Contain Strings" owner="DocTest.PdfTest">
<msg time="2025-04-11T17:00:30.454446" level="INFO">Missing Texts:
[{'text': 'Alice', 'document': 'data/Customer details bob.pdf'}]
Found Texts:
[]</msg>
<msg time="2025-04-11T17:00:30.454945" level="FAIL">Some expected texts were not found in document</msg>
<arg>${strings}</arg>
<arg>${pdf_file}</arg>
<doc>Checks if each item provided in the list ``expected_text_list`` appears in the PDF File ``candidate_document``.</doc>
<status status="FAIL" start="2025-04-11T17:00:30.410457" elapsed="0.045390">Some expected texts were not found in document</status>
</kw>
<arg>Alice</arg>
<arg>${customer3_file}</arg>
<status status="FAIL" start="2025-04-11T17:00:30.409012" elapsed="0.047834">Some expected texts were not found in document</status>
</kw>
<tag>test</tag>
<status status="FAIL" start="2025-04-11T17:00:30.408159" elapsed="0.052339">Some expected texts were not found in document</status>
</test>
<test id="s1-t3" name="TC x. 3 DocTest" line="32">
<kw name="Get Text Content in PDF" owner="Doctest_keywords">
<kw name="Get Text From Document" owner="DocTest.VisualTest">
<msg time="2025-04-11T17:00:30.680675" level="INFO">Rendering document to PyMuPDF Image performed in 0.0016 seconds
Conversion from PyMuPDF Image to OpenCV Image performed in 0.1981 seconds
Compare Image Object created in 0.2019 seconds</msg>
<msg time="2025-04-11T17:00:30.681175" level="INFO">${text} = ['Customer details', ' ', ' ', ' ', ' ', ' ', 'Date:18/03/2025', 'Name:  ', 'Alice ', ' ', 'Age: ', ' ', '26 ', 'Occupation: ', 'Freelance ', 'Salary:  ', '30,000   ', ' ', ' ', ' ', ' ', ' ', ' ', ' ...</msg>
<var>${text}</var>
<arg>${pdf_file}</arg>
<doc>Gets Text Content from documents/images ``image``.</doc>
<status status="PASS" start="2025-04-11T17:00:30.464620" elapsed="0.216555"/>
</kw>
<return>
<value>${text}</value>
<status status="PASS" start="2025-04-11T17:00:30.681175" elapsed="0.000500"/>
</return>
<arg>${customer1_file}</arg>
<status status="PASS" start="2025-04-11T17:00:30.463570" elapsed="0.218105"/>
</kw>
<tag>test</tag>
<status status="PASS" start="2025-04-11T17:00:30.462490" elapsed="0.220451"/>
</test>
<test id="s1-t4" name="TC x. 4 DocTest" line="36">
<kw name="Compare PDF only Text" owner="Doctest_keywords">
<kw name="Compare Pdf Documents" owner="DocTest.PdfTest">
<arg>${reference_pdf}</arg>
<arg>${candidate_pdf}</arg>
<arg>compare=text</arg>
<doc>Compares some PDF metadata/properties of ``reference_document`` and ``candidate_document``.</doc>
<status status="PASS" start="2025-04-11T17:00:30.686247" elapsed="0.057709"/>
</kw>
<arg>${customer1_file}</arg>
<arg>${customer5_file}</arg>
<status status="PASS" start="2025-04-11T17:00:30.685746" elapsed="0.058210"/>
</kw>
<tag>test</tag>
<status status="PASS" start="2025-04-11T17:00:30.684749" elapsed="0.060209"/>
</test>
<test id="s1-t5" name="TC x. 5 DocTest" line="40">
<kw name="Compare PDF only Text" owner="Doctest_keywords">
<kw name="Compare Pdf Documents" owner="DocTest.PdfTest">
<arg>${reference_pdf}</arg>
<arg>${candidate_pdf}</arg>
<arg>compare=text</arg>
<doc>Compares some PDF metadata/properties of ``reference_document`` and ``candidate_document``.</doc>
<status status="PASS" start="2025-04-11T17:00:30.747721" elapsed="0.064256"/>
</kw>
<arg>${customer1_file}</arg>
<arg>${customer2_file}</arg>
<status status="PASS" start="2025-04-11T17:00:30.747019" elapsed="0.065973"/>
</kw>
<tag>test</tag>
<status status="PASS" start="2025-04-11T17:00:30.746458" elapsed="0.068663"/>
</test>
<test id="s1-t6" name="TC x. 6 DocTest" line="44">
<kw name="Compare PDF only Text" owner="Doctest_keywords">
<kw name="Compare Pdf Documents" owner="DocTest.PdfTest">
<msg time="2025-04-11T17:00:30.864462" level="INFO">Different text
{'iterable_item_added': {'root[7]': 'Date:19/02/2025 '},
 'values_changed': {'root[12]': {'new_value': '27 ', 'old_value': '26 '},
                    'root[14]': {'new_value': 'Programmer ', 'old_value': 'Freelance '},
                    'root[16]': {'new_value': '40,000   ', 'old_value': '30,000   '},
                    'root[6]': {'new_value': ' ', 'old_value': 'Date:18/03/2025 '},
                    'root[8]': {'new_value': 'Bob ', 'old_value': 'Alice '}}}</msg>
<msg time="2025-04-11T17:00:30.864962" level="FAIL">The compared PDF Document Data is different.</msg>
<arg>${reference_pdf}</arg>
<arg>${candidate_pdf}</arg>
<arg>compare=text</arg>
<doc>Compares some PDF metadata/properties of ``reference_document`` and ``candidate_document``.</doc>
<status status="FAIL" start="2025-04-11T17:00:30.822819" elapsed="0.042643">The compared PDF Document Data is different.</status>
</kw>
<arg>${customer1_file}</arg>
<arg>${customer3_file}</arg>
<status status="FAIL" start="2025-04-11T17:00:30.821819" elapsed="0.044143">The compared PDF Document Data is different.</status>
</kw>
<tag>test</tag>
<status status="FAIL" start="2025-04-11T17:00:30.819995" elapsed="0.047516">The compared PDF Document Data is different.</status>
</test>
<test id="s1-t7" name="TC x. 7 DocTest" line="48">
<kw name="Compare PDF Text and Fonts" owner="Doctest_keywords">
<kw name="Compare Pdf Documents" owner="DocTest.PdfTest">
<arg>${reference_pdf}</arg>
<arg>${candidate_pdf}</arg>
<arg>compare=text,fonts</arg>
<doc>Compares some PDF metadata/properties of ``reference_document`` and ``candidate_document``.</doc>
<status status="PASS" start="2025-04-11T17:00:30.874645" elapsed="0.034364"/>
</kw>
<arg>${customer1_file}</arg>
<arg>${customer5_file}</arg>
<status status="PASS" start="2025-04-11T17:00:30.873276" elapsed="0.037905"/>
</kw>
<tag>test</tag>
<status status="PASS" start="2025-04-11T17:00:30.871731" elapsed="0.043446"/>
</test>
<test id="s1-t8" name="TC x. 8 DocTest" line="52">
<kw name="Compare PDF Text and Fonts" owner="Doctest_keywords">
<kw name="Compare Pdf Documents" owner="DocTest.PdfTest">
<msg time="2025-04-11T17:00:30.964149" level="INFO">Different fonts
{'iterable_item_removed': {'root[4]': (96, 'ttf', 'TrueType', 'BCDIEE+Aptos Display', 'F5', 'WinAnsiEncoding')},
 'values_changed': {'root[2][2]': {'new_value': 'TrueType', 'old_value': 'Type0'},
                    'root[2][3]': {'new_value': 'BCDGEE+Aptos Display,Bold', 'old_value': 'BCDGEE+Aptos Display'},
                    'root[2][5]': {'new_value': 'WinAnsiEncoding', 'old_value': 'Identity-H'},
                    'root[3][0]': {'new_value': 98, 'old_value': 95},
                    'root[3][3]': {'new_value': 'BCDHEE+Aptos Display', 'old_value': 'BCDHEE+Aptos Display,Bold'}}}</msg>
<msg time="2025-04-11T17:00:30.965187" level="FAIL">The compared PDF Document Data is different.</msg>
<arg>${reference_pdf}</arg>
<arg>${candidate_pdf}</arg>
<arg>compare=text,fonts</arg>
<doc>Compares some PDF metadata/properties of ``reference_document`` and ``candidate_document``.</doc>
<status status="FAIL" start="2025-04-11T17:00:30.924731" elapsed="0.041049">The compared PDF Document Data is different.</status>
</kw>
<arg>${customer1_file}</arg>
<arg>${customer2_file}</arg>
<status status="FAIL" start="2025-04-11T17:00:30.923188" elapsed="0.043094">The compared PDF Document Data is different.</status>
</kw>
<tag>test</tag>
<status status="FAIL" start="2025-04-11T17:00:30.922020" elapsed="0.046992">The compared PDF Document Data is different.</status>
</test>
<test id="s1-t9" name="TC x. 9 DocTest" line="56">
<kw name="Compare two Images in PDF" owner="Doctest_keywords">
<kw name="Compare Images" owner="DocTest.VisualTest">
<msg time="2025-04-11T17:00:31.632626" level="INFO">Rendering document to PyMuPDF Image performed in 0.0505 seconds
Conversion from PyMuPDF Image to OpenCV Image performed in 0.3062 seconds
Compare Image Object created in 0.3599 seconds
Rendering document to PyMuPDF Image performed in 0.0363 seconds
Conversion from PyMuPDF Image to OpenCV Image performed in 0.2222 seconds
Compare Image Object created in 0.2614 seconds
The compared images are equal
Visual Image comparison performed in 0.0247 seconds</msg>
<arg>${pdf_reference_image}</arg>
<arg>${pdf_candidate_image}</arg>
<doc>Compares the documents/images ``reference_image`` and ``test_image``.</doc>
<status status="PASS" start="2025-04-11T17:00:30.976146" elapsed="0.656480"/>
</kw>
<arg>${scbicon1_file}</arg>
<arg>${scbicon3_file}</arg>
<status status="PASS" start="2025-04-11T17:00:30.975145" elapsed="0.657481"/>
</kw>
<tag>test</tag>
<status status="PASS" start="2025-04-11T17:00:30.974147" elapsed="0.660477"/>
</test>
<test id="s1-t10" name="TC x. 10 DocTest" line="60">
<kw name="Compare two Images in PDF" owner="Doctest_keywords">
<kw name="Compare Images" owner="DocTest.VisualTest">
<msg time="2025-04-11T17:00:34.751576" level="INFO">Rendering document to PyMuPDF Image performed in 0.0007 seconds
Conversion from PyMuPDF Image to OpenCV Image performed in 0.2739 seconds
Compare Image Object created in 0.2760 seconds
Rendering document to PyMuPDF Image performed in 0.0338 seconds
Conversion from PyMuPDF Image to OpenCV Image performed in 0.2280 seconds
Compare Image Object created in 0.2634 seconds</msg>
<msg time="2025-04-11T17:00:34.751576" level="INFO" html="true">_page_1_rectangles_concat:&lt;br&gt;&lt;a href="screenshots\cfa7b451-16bb-11f0-a1ff-f7384f2ef2ba_page_1_rectangles_concat.jpg" target="_blank"&gt;&lt;img src="screenshots\cfa7b451-16bb-11f0-a1ff-f7384f2ef2ba_page_1_rectangles_concat.jpg" style="width:50%; height: auto;"&gt;&lt;/a&gt;</msg>
<msg time="2025-04-11T17:00:34.751655" level="INFO" html="true">_page_1_blended:&lt;br&gt;&lt;a href="screenshots\cfac8c63-16bb-11f0-a479-f7384f2ef2ba_page_1_blended.jpg" target="_blank"&gt;&lt;img src="screenshots\cfac8c63-16bb-11f0-a479-f7384f2ef2ba_page_1_blended.jpg" style="width:50%; height: auto;"&gt;&lt;/a&gt;</msg>
<msg time="2025-04-11T17:00:34.751655" level="FAIL">The compared images are different.</msg>
<arg>${pdf_reference_image}</arg>
<arg>${pdf_candidate_image}</arg>
<doc>Compares the documents/images ``reference_image`` and ``test_image``.</doc>
<status status="FAIL" start="2025-04-11T17:00:31.637623" elapsed="3.114534">The compared images are different.</status>
</kw>
<arg>${scbicon1_file}</arg>
<arg>${scbicon2_file}</arg>
<status status="FAIL" start="2025-04-11T17:00:31.637623" elapsed="3.114534">The compared images are different.</status>
</kw>
<tag>test</tag>
<status status="FAIL" start="2025-04-11T17:00:31.636630" elapsed="3.117281">The compared images are different.</status>
</test>
<test id="s1-t11" name="TC x. 11 DocTest" line="64">
<kw name="Get Reference Template" owner="Doctest_keywords">
<kw name="Get Text From Document" owner="DocTest.VisualTest">
<msg time="2025-04-11T17:00:34.948463" level="INFO">Rendering document to PyMuPDF Image performed in 0.0340 seconds
Conversion from PyMuPDF Image to OpenCV Image performed in 0.1461 seconds
Compare Image Object created in 0.1815 seconds</msg>
<msg time="2025-04-11T17:00:34.949462" level="INFO">${text1} = ['Customer details  ', ' ', ' ', ' ', ' ', ' ', ' ', 'Date:18/03/2025', 'Name:  ', 'Alice ', ' ', 'Age: ', ' ', '26 ', 'Occupation: ', 'Freelance ', 'Salary:  ', '30,000   ', ' ', ' ', ' ', ' ', ' ', ...</msg>
<var>${text1}</var>
<arg>${pdf_file}</arg>
<doc>Gets Text Content from documents/images ``image``.</doc>
<status status="PASS" start="2025-04-11T17:00:34.757160" elapsed="0.192302"/>
</kw>
<kw name="Log" owner="BuiltIn">
<msg time="2025-04-11T17:00:34.949462" level="INFO">['Customer details  ', ' ', ' ', ' ', ' ', ' ', ' ', 'Date:18/03/2025', 'Name:  ', 'Alice ', ' ', 'Age: ', ' ', '26 ', 'Occupation: ', 'Freelance ', 'Salary:  ', '30,000   ', ' ', ' ', ' ', ' ', ' ', ' ', ' ', ' ', ' ', ' ', ' ', ' ', ' ', ' ', ' ', ' ', ' ', ' ', ' ', '----------------', '------------------------------------', '-------------------------------------', '-------------------------------------', '------------------------------------']</msg>
<arg>${text1}</arg>
<doc>Logs the given message with the given level.</doc>
<status status="PASS" start="2025-04-11T17:00:34.949462" elapsed="0.001000"/>
</kw>
<kw name="Create List" owner="BuiltIn">
<msg time="2025-04-11T17:00:34.950462" level="INFO">${masks} = []</msg>
<var>${masks}</var>
<doc>Returns a list containing given items.</doc>
<status status="PASS" start="2025-04-11T17:00:34.950462" elapsed="0.000000"/>
</kw>
<for flavor="IN">
<iter>
<kw name="Log" owner="BuiltIn">
<msg time="2025-04-11T17:00:34.951462" level="INFO">Customer details  </msg>
<arg>${element}</arg>
<doc>Logs the given message with the given level.</doc>
<status status="PASS" start="2025-04-11T17:00:34.951462" elapsed="0.000000"/>
</kw>
<kw name="Create Dictionary" owner="BuiltIn">
<msg time="2025-04-11T17:00:34.952001" level="INFO">${mask_element} = {'page': 'all', 'type': 'pattern', 'pattern': 'Customer details  '}</msg>
<var>${mask_element}</var>
<arg>page=all</arg>
<arg>type=pattern</arg>
<arg>pattern=${element}</arg>
<doc>Creates and returns a dictionary based on the given ``items``.</doc>
<status status="PASS" start="2025-04-11T17:00:34.952001" elapsed="0.000000"/>
</kw>
<if>
<branch type="IF" condition="'${element}'.replace('-','') == ''">
<kw name="Append To List" owner="Collections">
<arg>${masks}</arg>
<arg>${mask_element}</arg>
<doc>Adds ``values`` to the end of ``list``.</doc>
<status status="NOT RUN" start="2025-04-11T17:00:34.953025" elapsed="0.000000"/>
</kw>
<status status="NOT RUN" start="2025-04-11T17:00:34.952001" elapsed="0.001024"/>
</branch>
<status status="PASS" start="2025-04-11T17:00:34.952001" elapsed="0.001024"/>
</if>
<var name="${element}">Customer details  </var>
<status status="PASS" start="2025-04-11T17:00:34.950462" elapsed="0.002563"/>
</iter>
<iter>
<kw name="Log" owner="BuiltIn">
<msg time="2025-04-11T17:00:34.953025" level="INFO"> </msg>
<arg>${element}</arg>
<doc>Logs the given message with the given level.</doc>
<status status="PASS" start="2025-04-11T17:00:34.953025" elapsed="0.000000"/>
</kw>
<kw name="Create Dictionary" owner="BuiltIn">
<msg time="2025-04-11T17:00:34.954031" level="INFO">${mask_element} = {'page': 'all', 'type': 'pattern', 'pattern': ' '}</msg>
<var>${mask_element}</var>
<arg>page=all</arg>
<arg>type=pattern</arg>
<arg>pattern=${element}</arg>
<doc>Creates and returns a dictionary based on the given ``items``.</doc>
<status status="PASS" start="2025-04-11T17:00:34.954031" elapsed="0.000649"/>
</kw>
<if>
<branch type="IF" condition="'${element}'.replace('-','') == ''">
<kw name="Append To List" owner="Collections">
<arg>${masks}</arg>
<arg>${mask_element}</arg>
<doc>Adds ``values`` to the end of ``list``.</doc>
<status status="NOT RUN" start="2025-04-11T17:00:34.954747" elapsed="0.000000"/>
</kw>
<status status="NOT RUN" start="2025-04-11T17:00:34.954747" elapsed="0.000000"/>
</branch>
<status status="PASS" start="2025-04-11T17:00:34.954747" elapsed="0.000000"/>
</if>
<var name="${element}"> </var>
<status status="PASS" start="2025-04-11T17:00:34.953025" elapsed="0.001722"/>
</iter>
<iter>
<kw name="Log" owner="BuiltIn">
<msg time="2025-04-11T17:00:34.955762" level="INFO"> </msg>
<arg>${element}</arg>
<doc>Logs the given message with the given level.</doc>
<status status="PASS" start="2025-04-11T17:00:34.954747" elapsed="0.001015"/>
</kw>
<kw name="Create Dictionary" owner="BuiltIn">
<msg time="2025-04-11T17:00:34.955762" level="INFO">${mask_element} = {'page': 'all', 'type': 'pattern', 'pattern': ' '}</msg>
<var>${mask_element}</var>
<arg>page=all</arg>
<arg>type=pattern</arg>
<arg>pattern=${element}</arg>
<doc>Creates and returns a dictionary based on the given ``items``.</doc>
<status status="PASS" start="2025-04-11T17:00:34.955762" elapsed="0.000000"/>
</kw>
<if>
<branch type="IF" condition="'${element}'.replace('-','') == ''">
<kw name="Append To List" owner="Collections">
<arg>${masks}</arg>
<arg>${mask_element}</arg>
<doc>Adds ``values`` to the end of ``list``.</doc>
<status status="NOT RUN" start="2025-04-11T17:00:34.956760" elapsed="0.000000"/>
</kw>
<status status="NOT RUN" start="2025-04-11T17:00:34.956760" elapsed="0.000000"/>
</branch>
<status status="PASS" start="2025-04-11T17:00:34.955762" elapsed="0.000998"/>
</if>
<var name="${element}"> </var>
<status status="PASS" start="2025-04-11T17:00:34.954747" elapsed="0.002013"/>
</iter>
<iter>
<kw name="Log" owner="BuiltIn">
<msg time="2025-04-11T17:00:34.957835" level="INFO"> </msg>
<arg>${element}</arg>
<doc>Logs the given message with the given level.</doc>
<status status="PASS" start="2025-04-11T17:00:34.956760" elapsed="0.001106"/>
</kw>
<kw name="Create Dictionary" owner="BuiltIn">
<msg time="2025-04-11T17:00:34.958368" level="INFO">${mask_element} = {'page': 'all', 'type': 'pattern', 'pattern': ' '}</msg>
<var>${mask_element}</var>
<arg>page=all</arg>
<arg>type=pattern</arg>
<arg>pattern=${element}</arg>
<doc>Creates and returns a dictionary based on the given ``items``.</doc>
<status status="PASS" start="2025-04-11T17:00:34.957866" elapsed="0.000502"/>
</kw>
<if>
<branch type="IF" condition="'${element}'.replace('-','') == ''">
<kw name="Append To List" owner="Collections">
<arg>${masks}</arg>
<arg>${mask_element}</arg>
<doc>Adds ``values`` to the end of ``list``.</doc>
<status status="NOT RUN" start="2025-04-11T17:00:34.958368" elapsed="0.000000"/>
</kw>
<status status="NOT RUN" start="2025-04-11T17:00:34.958368" elapsed="0.000000"/>
</branch>
<status status="PASS" start="2025-04-11T17:00:34.958368" elapsed="0.000000"/>
</if>
<var name="${element}"> </var>
<status status="PASS" start="2025-04-11T17:00:34.956760" elapsed="0.001608"/>
</iter>
<iter>
<kw name="Log" owner="BuiltIn">
<msg time="2025-04-11T17:00:34.959572" level="INFO"> </msg>
<arg>${element}</arg>
<doc>Logs the given message with the given level.</doc>
<status status="PASS" start="2025-04-11T17:00:34.959382" elapsed="0.000190"/>
</kw>
<kw name="Create Dictionary" owner="BuiltIn">
<msg time="2025-04-11T17:00:34.959572" level="INFO">${mask_element} = {'page': 'all', 'type': 'pattern', 'pattern': ' '}</msg>
<var>${mask_element}</var>
<arg>page=all</arg>
<arg>type=pattern</arg>
<arg>pattern=${element}</arg>
<doc>Creates and returns a dictionary based on the given ``items``.</doc>
<status status="PASS" start="2025-04-11T17:00:34.959572" elapsed="0.000000"/>
</kw>
<if>
<branch type="IF" condition="'${element}'.replace('-','') == ''">
<kw name="Append To List" owner="Collections">
<arg>${masks}</arg>
<arg>${mask_element}</arg>
<doc>Adds ``values`` to the end of ``list``.</doc>
<status status="NOT RUN" start="2025-04-11T17:00:34.960253" elapsed="0.000000"/>
</kw>
<status status="NOT RUN" start="2025-04-11T17:00:34.960253" elapsed="0.000000"/>
</branch>
<status status="PASS" start="2025-04-11T17:00:34.960253" elapsed="0.000000"/>
</if>
<var name="${element}"> </var>
<status status="PASS" start="2025-04-11T17:00:34.958368" elapsed="0.001885"/>
</iter>
<iter>
<kw name="Log" owner="BuiltIn">
<msg time="2025-04-11T17:00:34.961276" level="INFO"> </msg>
<arg>${element}</arg>
<doc>Logs the given message with the given level.</doc>
<status status="PASS" start="2025-04-11T17:00:34.960253" elapsed="0.001023"/>
</kw>
<kw name="Create Dictionary" owner="BuiltIn">
<msg time="2025-04-11T17:00:34.961276" level="INFO">${mask_element} = {'page': 'all', 'type': 'pattern', 'pattern': ' '}</msg>
<var>${mask_element}</var>
<arg>page=all</arg>
<arg>type=pattern</arg>
<arg>pattern=${element}</arg>
<doc>Creates and returns a dictionary based on the given ``items``.</doc>
<status status="PASS" start="2025-04-11T17:00:34.961276" elapsed="0.000000"/>
</kw>
<if>
<branch type="IF" condition="'${element}'.replace('-','') == ''">
<kw name="Append To List" owner="Collections">
<arg>${masks}</arg>
<arg>${mask_element}</arg>
<doc>Adds ``values`` to the end of ``list``.</doc>
<status status="NOT RUN" start="2025-04-11T17:00:34.962347" elapsed="0.000000"/>
</kw>
<status status="NOT RUN" start="2025-04-11T17:00:34.962066" elapsed="0.000281"/>
</branch>
<status status="PASS" start="2025-04-11T17:00:34.962066" elapsed="0.000281"/>
</if>
<var name="${element}"> </var>
<status status="PASS" start="2025-04-11T17:00:34.960253" elapsed="0.002094"/>
</iter>
<iter>
<kw name="Log" owner="BuiltIn">
<msg time="2025-04-11T17:00:34.962347" level="INFO"> </msg>
<arg>${element}</arg>
<doc>Logs the given message with the given level.</doc>
<status status="PASS" start="2025-04-11T17:00:34.962347" elapsed="0.000000"/>
</kw>
<kw name="Create Dictionary" owner="BuiltIn">
<msg time="2025-04-11T17:00:34.963392" level="INFO">${mask_element} = {'page': 'all', 'type': 'pattern', 'pattern': ' '}</msg>
<var>${mask_element}</var>
<arg>page=all</arg>
<arg>type=pattern</arg>
<arg>pattern=${element}</arg>
<doc>Creates and returns a dictionary based on the given ``items``.</doc>
<status status="PASS" start="2025-04-11T17:00:34.962347" elapsed="0.001045"/>
</kw>
<if>
<branch type="IF" condition="'${element}'.replace('-','') == ''">
<kw name="Append To List" owner="Collections">
<arg>${masks}</arg>
<arg>${mask_element}</arg>
<doc>Adds ``values`` to the end of ``list``.</doc>
<status status="NOT RUN" start="2025-04-11T17:00:34.963392" elapsed="0.000000"/>
</kw>
<status status="NOT RUN" start="2025-04-11T17:00:34.963392" elapsed="0.000000"/>
</branch>
<status status="PASS" start="2025-04-11T17:00:34.963392" elapsed="0.000000"/>
</if>
<var name="${element}"> </var>
<status status="PASS" start="2025-04-11T17:00:34.962347" elapsed="0.001045"/>
</iter>
<iter>
<kw name="Log" owner="BuiltIn">
<msg time="2025-04-11T17:00:34.964390" level="INFO">Date:18/03/2025</msg>
<arg>${element}</arg>
<doc>Logs the given message with the given level.</doc>
<status status="PASS" start="2025-04-11T17:00:34.963392" elapsed="0.000998"/>
</kw>
<kw name="Create Dictionary" owner="BuiltIn">
<msg time="2025-04-11T17:00:34.964390" level="INFO">${mask_element} = {'page': 'all', 'type': 'pattern', 'pattern': 'Date:18/03/2025'}</msg>
<var>${mask_element}</var>
<arg>page=all</arg>
<arg>type=pattern</arg>
<arg>pattern=${element}</arg>
<doc>Creates and returns a dictionary based on the given ``items``.</doc>
<status status="PASS" start="2025-04-11T17:00:34.964390" elapsed="0.000000"/>
</kw>
<if>
<branch type="IF" condition="'${element}'.replace('-','') == ''">
<kw name="Append To List" owner="Collections">
<arg>${masks}</arg>
<arg>${mask_element}</arg>
<doc>Adds ``values`` to the end of ``list``.</doc>
<status status="NOT RUN" start="2025-04-11T17:00:34.965427" elapsed="0.000000"/>
</kw>
<status status="NOT RUN" start="2025-04-11T17:00:34.965389" elapsed="0.000038"/>
</branch>
<status status="PASS" start="2025-04-11T17:00:34.964390" elapsed="0.001037"/>
</if>
<var name="${element}">Date:18/03/2025</var>
<status status="PASS" start="2025-04-11T17:00:34.963392" elapsed="0.002035"/>
</iter>
<iter>
<kw name="Log" owner="BuiltIn">
<msg time="2025-04-11T17:00:34.965427" level="INFO">Name:  </msg>
<arg>${element}</arg>
<doc>Logs the given message with the given level.</doc>
<status status="PASS" start="2025-04-11T17:00:34.965427" elapsed="0.000000"/>
</kw>
<kw name="Create Dictionary" owner="BuiltIn">
<msg time="2025-04-11T17:00:34.966493" level="INFO">${mask_element} = {'page': 'all', 'type': 'pattern', 'pattern': 'Name:  '}</msg>
<var>${mask_element}</var>
<arg>page=all</arg>
<arg>type=pattern</arg>
<arg>pattern=${element}</arg>
<doc>Creates and returns a dictionary based on the given ``items``.</doc>
<status status="PASS" start="2025-04-11T17:00:34.965427" elapsed="0.001066"/>
</kw>
<if>
<branch type="IF" condition="'${element}'.replace('-','') == ''">
<kw name="Append To List" owner="Collections">
<arg>${masks}</arg>
<arg>${mask_element}</arg>
<doc>Adds ``values`` to the end of ``list``.</doc>
<status status="NOT RUN" start="2025-04-11T17:00:34.966493" elapsed="0.000000"/>
</kw>
<status status="NOT RUN" start="2025-04-11T17:00:34.966493" elapsed="0.000000"/>
</branch>
<status status="PASS" start="2025-04-11T17:00:34.966493" elapsed="0.000000"/>
</if>
<var name="${element}">Name:  </var>
<status status="PASS" start="2025-04-11T17:00:34.965427" elapsed="0.001066"/>
</iter>
<iter>
<kw name="Log" owner="BuiltIn">
<msg time="2025-04-11T17:00:34.967494" level="INFO">Alice </msg>
<arg>${element}</arg>
<doc>Logs the given message with the given level.</doc>
<status status="PASS" start="2025-04-11T17:00:34.967494" elapsed="0.000000"/>
</kw>
<kw name="Create Dictionary" owner="BuiltIn">
<msg time="2025-04-11T17:00:34.967494" level="INFO">${mask_element} = {'page': 'all', 'type': 'pattern', 'pattern': 'Alice '}</msg>
<var>${mask_element}</var>
<arg>page=all</arg>
<arg>type=pattern</arg>
<arg>pattern=${element}</arg>
<doc>Creates and returns a dictionary based on the given ``items``.</doc>
<status status="PASS" start="2025-04-11T17:00:34.967494" elapsed="0.000000"/>
</kw>
<if>
<branch type="IF" condition="'${element}'.replace('-','') == ''">
<kw name="Append To List" owner="Collections">
<arg>${masks}</arg>
<arg>${mask_element}</arg>
<doc>Adds ``values`` to the end of ``list``.</doc>
<status status="NOT RUN" start="2025-04-11T17:00:34.968520" elapsed="0.000000"/>
</kw>
<status status="NOT RUN" start="2025-04-11T17:00:34.967494" elapsed="0.001026"/>
</branch>
<status status="PASS" start="2025-04-11T17:00:34.967494" elapsed="0.001026"/>
</if>
<var name="${element}">Alice </var>
<status status="PASS" start="2025-04-11T17:00:34.966493" elapsed="0.002027"/>
</iter>
<iter>
<kw name="Log" owner="BuiltIn">
<msg time="2025-04-11T17:00:34.968520" level="INFO"> </msg>
<arg>${element}</arg>
<doc>Logs the given message with the given level.</doc>
<status status="PASS" start="2025-04-11T17:00:34.968520" elapsed="0.000000"/>
</kw>
<kw name="Create Dictionary" owner="BuiltIn">
<msg time="2025-04-11T17:00:34.969529" level="INFO">${mask_element} = {'page': 'all', 'type': 'pattern', 'pattern': ' '}</msg>
<var>${mask_element}</var>
<arg>page=all</arg>
<arg>type=pattern</arg>
<arg>pattern=${element}</arg>
<doc>Creates and returns a dictionary based on the given ``items``.</doc>
<status status="PASS" start="2025-04-11T17:00:34.968520" elapsed="0.001009"/>
</kw>
<if>
<branch type="IF" condition="'${element}'.replace('-','') == ''">
<kw name="Append To List" owner="Collections">
<arg>${masks}</arg>
<arg>${mask_element}</arg>
<doc>Adds ``values`` to the end of ``list``.</doc>
<status status="NOT RUN" start="2025-04-11T17:00:34.969529" elapsed="0.000000"/>
</kw>
<status status="NOT RUN" start="2025-04-11T17:00:34.969529" elapsed="0.000000"/>
</branch>
<status status="PASS" start="2025-04-11T17:00:34.969529" elapsed="0.000000"/>
</if>
<var name="${element}"> </var>
<status status="PASS" start="2025-04-11T17:00:34.968520" elapsed="0.001009"/>
</iter>
<iter>
<kw name="Log" owner="BuiltIn">
<msg time="2025-04-11T17:00:34.969529" level="INFO">Age: </msg>
<arg>${element}</arg>
<doc>Logs the given message with the given level.</doc>
<status status="PASS" start="2025-04-11T17:00:34.969529" elapsed="0.000000"/>
</kw>
<kw name="Create Dictionary" owner="BuiltIn">
<msg time="2025-04-11T17:00:34.970532" level="INFO">${mask_element} = {'page': 'all', 'type': 'pattern', 'pattern': 'Age: '}</msg>
<var>${mask_element}</var>
<arg>page=all</arg>
<arg>type=pattern</arg>
<arg>pattern=${element}</arg>
<doc>Creates and returns a dictionary based on the given ``items``.</doc>
<status status="PASS" start="2025-04-11T17:00:34.970532" elapsed="0.000000"/>
</kw>
<if>
<branch type="IF" condition="'${element}'.replace('-','') == ''">
<kw name="Append To List" owner="Collections">
<arg>${masks}</arg>
<arg>${mask_element}</arg>
<doc>Adds ``values`` to the end of ``list``.</doc>
<status status="NOT RUN" start="2025-04-11T17:00:34.970532" elapsed="0.000000"/>
</kw>
<status status="NOT RUN" start="2025-04-11T17:00:34.970532" elapsed="0.000740"/>
</branch>
<status status="PASS" start="2025-04-11T17:00:34.970532" elapsed="0.000740"/>
</if>
<var name="${element}">Age: </var>
<status status="PASS" start="2025-04-11T17:00:34.969529" elapsed="0.001743"/>
</iter>
<iter>
<kw name="Log" owner="BuiltIn">
<msg time="2025-04-11T17:00:34.971272" level="INFO"> </msg>
<arg>${element}</arg>
<doc>Logs the given message with the given level.</doc>
<status status="PASS" start="2025-04-11T17:00:34.971272" elapsed="0.000000"/>
</kw>
<kw name="Create Dictionary" owner="BuiltIn">
<msg time="2025-04-11T17:00:34.971272" level="INFO">${mask_element} = {'page': 'all', 'type': 'pattern', 'pattern': ' '}</msg>
<var>${mask_element}</var>
<arg>page=all</arg>
<arg>type=pattern</arg>
<arg>pattern=${element}</arg>
<doc>Creates and returns a dictionary based on the given ``items``.</doc>
<status status="PASS" start="2025-04-11T17:00:34.971272" elapsed="0.000000"/>
</kw>
<if>
<branch type="IF" condition="'${element}'.replace('-','') == ''">
<kw name="Append To List" owner="Collections">
<arg>${masks}</arg>
<arg>${mask_element}</arg>
<doc>Adds ``values`` to the end of ``list``.</doc>
<status status="NOT RUN" start="2025-04-11T17:00:34.971272" elapsed="0.000000"/>
</kw>
<status status="NOT RUN" start="2025-04-11T17:00:34.971272" elapsed="0.000000"/>
</branch>
<status status="PASS" start="2025-04-11T17:00:34.971272" elapsed="0.000000"/>
</if>
<var name="${element}"> </var>
<status status="PASS" start="2025-04-11T17:00:34.971272" elapsed="0.000000"/>
</iter>
<iter>
<kw name="Log" owner="BuiltIn">
<msg time="2025-04-11T17:00:34.972733" level="INFO">26 </msg>
<arg>${element}</arg>
<doc>Logs the given message with the given level.</doc>
<status status="PASS" start="2025-04-11T17:00:34.972733" elapsed="0.000000"/>
</kw>
<kw name="Create Dictionary" owner="BuiltIn">
<msg time="2025-04-11T17:00:34.973512" level="INFO">${mask_element} = {'page': 'all', 'type': 'pattern', 'pattern': '26 '}</msg>
<var>${mask_element}</var>
<arg>page=all</arg>
<arg>type=pattern</arg>
<arg>pattern=${element}</arg>
<doc>Creates and returns a dictionary based on the given ``items``.</doc>
<status status="PASS" start="2025-04-11T17:00:34.972733" elapsed="0.000779"/>
</kw>
<if>
<branch type="IF" condition="'${element}'.replace('-','') == ''">
<kw name="Append To List" owner="Collections">
<arg>${masks}</arg>
<arg>${mask_element}</arg>
<doc>Adds ``values`` to the end of ``list``.</doc>
<status status="NOT RUN" start="2025-04-11T17:00:34.973512" elapsed="0.000000"/>
</kw>
<status status="NOT RUN" start="2025-04-11T17:00:34.973512" elapsed="0.000000"/>
</branch>
<status status="PASS" start="2025-04-11T17:00:34.973512" elapsed="0.000500"/>
</if>
<var name="${element}">26 </var>
<status status="PASS" start="2025-04-11T17:00:34.972733" elapsed="0.001279"/>
</iter>
<iter>
<kw name="Log" owner="BuiltIn">
<msg time="2025-04-11T17:00:34.974012" level="INFO">Occupation: </msg>
<arg>${element}</arg>
<doc>Logs the given message with the given level.</doc>
<status status="PASS" start="2025-04-11T17:00:34.974012" elapsed="0.000000"/>
</kw>
<kw name="Create Dictionary" owner="BuiltIn">
<msg time="2025-04-11T17:00:34.974556" level="INFO">${mask_element} = {'page': 'all', 'type': 'pattern', 'pattern': 'Occupation: '}</msg>
<var>${mask_element}</var>
<arg>page=all</arg>
<arg>type=pattern</arg>
<arg>pattern=${element}</arg>
<doc>Creates and returns a dictionary based on the given ``items``.</doc>
<status status="PASS" start="2025-04-11T17:00:34.974556" elapsed="0.000000"/>
</kw>
<if>
<branch type="IF" condition="'${element}'.replace('-','') == ''">
<kw name="Append To List" owner="Collections">
<arg>${masks}</arg>
<arg>${mask_element}</arg>
<doc>Adds ``values`` to the end of ``list``.</doc>
<status status="NOT RUN" start="2025-04-11T17:00:34.974556" elapsed="0.000000"/>
</kw>
<status status="NOT RUN" start="2025-04-11T17:00:34.974556" elapsed="0.000000"/>
</branch>
<status status="PASS" start="2025-04-11T17:00:34.974556" elapsed="0.000000"/>
</if>
<var name="${element}">Occupation: </var>
<status status="PASS" start="2025-04-11T17:00:34.974012" elapsed="0.000544"/>
</iter>
<iter>
<kw name="Log" owner="BuiltIn">
<msg time="2025-04-11T17:00:34.974556" level="INFO">Freelance </msg>
<arg>${element}</arg>
<doc>Logs the given message with the given level.</doc>
<status status="PASS" start="2025-04-11T17:00:34.974556" elapsed="0.000000"/>
</kw>
<kw name="Create Dictionary" owner="BuiltIn">
<msg time="2025-04-11T17:00:34.976041" level="INFO">${mask_element} = {'page': 'all', 'type': 'pattern', 'pattern': 'Freelance '}</msg>
<var>${mask_element}</var>
<arg>page=all</arg>
<arg>type=pattern</arg>
<arg>pattern=${element}</arg>
<doc>Creates and returns a dictionary based on the given ``items``.</doc>
<status status="PASS" start="2025-04-11T17:00:34.974556" elapsed="0.001485"/>
</kw>
<if>
<branch type="IF" condition="'${element}'.replace('-','') == ''">
<kw name="Append To List" owner="Collections">
<arg>${masks}</arg>
<arg>${mask_element}</arg>
<doc>Adds ``values`` to the end of ``list``.</doc>
<status status="NOT RUN" start="2025-04-11T17:00:34.976041" elapsed="0.000000"/>
</kw>
<status status="NOT RUN" start="2025-04-11T17:00:34.976041" elapsed="0.000000"/>
</branch>
<status status="PASS" start="2025-04-11T17:00:34.976041" elapsed="0.000000"/>
</if>
<var name="${element}">Freelance </var>
<status status="PASS" start="2025-04-11T17:00:34.974556" elapsed="0.001485"/>
</iter>
<iter>
<kw name="Log" owner="BuiltIn">
<msg time="2025-04-11T17:00:34.976041" level="INFO">Salary:  </msg>
<arg>${element}</arg>
<doc>Logs the given message with the given level.</doc>
<status status="PASS" start="2025-04-11T17:00:34.976041" elapsed="0.000000"/>
</kw>
<kw name="Create Dictionary" owner="BuiltIn">
<msg time="2025-04-11T17:00:34.977040" level="INFO">${mask_element} = {'page': 'all', 'type': 'pattern', 'pattern': 'Salary:  '}</msg>
<var>${mask_element}</var>
<arg>page=all</arg>
<arg>type=pattern</arg>
<arg>pattern=${element}</arg>
<doc>Creates and returns a dictionary based on the given ``items``.</doc>
<status status="PASS" start="2025-04-11T17:00:34.977040" elapsed="0.000000"/>
</kw>
<if>
<branch type="IF" condition="'${element}'.replace('-','') == ''">
<kw name="Append To List" owner="Collections">
<arg>${masks}</arg>
<arg>${mask_element}</arg>
<doc>Adds ``values`` to the end of ``list``.</doc>
<status status="NOT RUN" start="2025-04-11T17:00:34.977040" elapsed="0.000000"/>
</kw>
<status status="NOT RUN" start="2025-04-11T17:00:34.977040" elapsed="0.000000"/>
</branch>
<status status="PASS" start="2025-04-11T17:00:34.977040" elapsed="0.000000"/>
</if>
<var name="${element}">Salary:  </var>
<status status="PASS" start="2025-04-11T17:00:34.976041" elapsed="0.000999"/>
</iter>
<iter>
<kw name="Log" owner="BuiltIn">
<msg time="2025-04-11T17:00:34.978040" level="INFO">30,000   </msg>
<arg>${element}</arg>
<doc>Logs the given message with the given level.</doc>
<status status="PASS" start="2025-04-11T17:00:34.978040" elapsed="0.000000"/>
</kw>
<kw name="Create Dictionary" owner="BuiltIn">
<msg time="2025-04-11T17:00:34.978040" level="INFO">${mask_element} = {'page': 'all', 'type': 'pattern', 'pattern': '30,000   '}</msg>
<var>${mask_element}</var>
<arg>page=all</arg>
<arg>type=pattern</arg>
<arg>pattern=${element}</arg>
<doc>Creates and returns a dictionary based on the given ``items``.</doc>
<status status="PASS" start="2025-04-11T17:00:34.978040" elapsed="0.000000"/>
</kw>
<if>
<branch type="IF" condition="'${element}'.replace('-','') == ''">
<kw name="Append To List" owner="Collections">
<arg>${masks}</arg>
<arg>${mask_element}</arg>
<doc>Adds ``values`` to the end of ``list``.</doc>
<status status="NOT RUN" start="2025-04-11T17:00:34.979040" elapsed="0.000000"/>
</kw>
<status status="NOT RUN" start="2025-04-11T17:00:34.978040" elapsed="0.001000"/>
</branch>
<status status="PASS" start="2025-04-11T17:00:34.978040" elapsed="0.001000"/>
</if>
<var name="${element}">30,000   </var>
<status status="PASS" start="2025-04-11T17:00:34.977040" elapsed="0.002000"/>
</iter>
<iter>
<kw name="Log" owner="BuiltIn">
<msg time="2025-04-11T17:00:34.979040" level="INFO"> </msg>
<arg>${element}</arg>
<doc>Logs the given message with the given level.</doc>
<status status="PASS" start="2025-04-11T17:00:34.979040" elapsed="0.001001"/>
</kw>
<kw name="Create Dictionary" owner="BuiltIn">
<msg time="2025-04-11T17:00:34.980156" level="INFO">${mask_element} = {'page': 'all', 'type': 'pattern', 'pattern': ' '}</msg>
<var>${mask_element}</var>
<arg>page=all</arg>
<arg>type=pattern</arg>
<arg>pattern=${element}</arg>
<doc>Creates and returns a dictionary based on the given ``items``.</doc>
<status status="PASS" start="2025-04-11T17:00:34.980156" elapsed="0.000000"/>
</kw>
<if>
<branch type="IF" condition="'${element}'.replace('-','') == ''">
<kw name="Append To List" owner="Collections">
<arg>${masks}</arg>
<arg>${mask_element}</arg>
<doc>Adds ``values`` to the end of ``list``.</doc>
<status status="NOT RUN" start="2025-04-11T17:00:34.980654" elapsed="0.000000"/>
</kw>
<status status="NOT RUN" start="2025-04-11T17:00:34.980156" elapsed="0.000498"/>
</branch>
<status status="PASS" start="2025-04-11T17:00:34.980156" elapsed="0.000498"/>
</if>
<var name="${element}"> </var>
<status status="PASS" start="2025-04-11T17:00:34.979040" elapsed="0.001614"/>
</iter>
<iter>
<kw name="Log" owner="BuiltIn">
<msg time="2025-04-11T17:00:34.980654" level="INFO"> </msg>
<arg>${element}</arg>
<doc>Logs the given message with the given level.</doc>
<status status="PASS" start="2025-04-11T17:00:34.980654" elapsed="0.000000"/>
</kw>
<kw name="Create Dictionary" owner="BuiltIn">
<msg time="2025-04-11T17:00:34.981669" level="INFO">${mask_element} = {'page': 'all', 'type': 'pattern', 'pattern': ' '}</msg>
<var>${mask_element}</var>
<arg>page=all</arg>
<arg>type=pattern</arg>
<arg>pattern=${element}</arg>
<doc>Creates and returns a dictionary based on the given ``items``.</doc>
<status status="PASS" start="2025-04-11T17:00:34.980654" elapsed="0.001015"/>
</kw>
<if>
<branch type="IF" condition="'${element}'.replace('-','') == ''">
<kw name="Append To List" owner="Collections">
<arg>${masks}</arg>
<arg>${mask_element}</arg>
<doc>Adds ``values`` to the end of ``list``.</doc>
<status status="NOT RUN" start="2025-04-11T17:00:34.981669" elapsed="0.000000"/>
</kw>
<status status="NOT RUN" start="2025-04-11T17:00:34.981669" elapsed="0.000000"/>
</branch>
<status status="PASS" start="2025-04-11T17:00:34.981669" elapsed="0.000000"/>
</if>
<var name="${element}"> </var>
<status status="PASS" start="2025-04-11T17:00:34.980654" elapsed="0.001015"/>
</iter>
<iter>
<kw name="Log" owner="BuiltIn">
<msg time="2025-04-11T17:00:34.982669" level="INFO"> </msg>
<arg>${element}</arg>
<doc>Logs the given message with the given level.</doc>
<status status="PASS" start="2025-04-11T17:00:34.981669" elapsed="0.001000"/>
</kw>
<kw name="Create Dictionary" owner="BuiltIn">
<msg time="2025-04-11T17:00:34.982669" level="INFO">${mask_element} = {'page': 'all', 'type': 'pattern', 'pattern': ' '}</msg>
<var>${mask_element}</var>
<arg>page=all</arg>
<arg>type=pattern</arg>
<arg>pattern=${element}</arg>
<doc>Creates and returns a dictionary based on the given ``items``.</doc>
<status status="PASS" start="2025-04-11T17:00:34.982669" elapsed="0.000000"/>
</kw>
<if>
<branch type="IF" condition="'${element}'.replace('-','') == ''">
<kw name="Append To List" owner="Collections">
<arg>${masks}</arg>
<arg>${mask_element}</arg>
<doc>Adds ``values`` to the end of ``list``.</doc>
<status status="NOT RUN" start="2025-04-11T17:00:34.982669" elapsed="0.000000"/>
</kw>
<status status="NOT RUN" start="2025-04-11T17:00:34.982669" elapsed="0.000000"/>
</branch>
<status status="PASS" start="2025-04-11T17:00:34.982669" elapsed="0.000000"/>
</if>
<var name="${element}"> </var>
<status status="PASS" start="2025-04-11T17:00:34.981669" elapsed="0.001000"/>
</iter>
<iter>
<kw name="Log" owner="BuiltIn">
<msg time="2025-04-11T17:00:34.983669" level="INFO"> </msg>
<arg>${element}</arg>
<doc>Logs the given message with the given level.</doc>
<status status="PASS" start="2025-04-11T17:00:34.983669" elapsed="0.000000"/>
</kw>
<kw name="Create Dictionary" owner="BuiltIn">
<msg time="2025-04-11T17:00:34.983669" level="INFO">${mask_element} = {'page': 'all', 'type': 'pattern', 'pattern': ' '}</msg>
<var>${mask_element}</var>
<arg>page=all</arg>
<arg>type=pattern</arg>
<arg>pattern=${element}</arg>
<doc>Creates and returns a dictionary based on the given ``items``.</doc>
<status status="PASS" start="2025-04-11T17:00:34.983669" elapsed="0.000000"/>
</kw>
<if>
<branch type="IF" condition="'${element}'.replace('-','') == ''">
<kw name="Append To List" owner="Collections">
<arg>${masks}</arg>
<arg>${mask_element}</arg>
<doc>Adds ``values`` to the end of ``list``.</doc>
<status status="NOT RUN" start="2025-04-11T17:00:34.984669" elapsed="0.000000"/>
</kw>
<status status="NOT RUN" start="2025-04-11T17:00:34.984669" elapsed="0.000000"/>
</branch>
<status status="PASS" start="2025-04-11T17:00:34.984669" elapsed="0.000000"/>
</if>
<var name="${element}"> </var>
<status status="PASS" start="2025-04-11T17:00:34.983669" elapsed="0.001000"/>
</iter>
<iter>
<kw name="Log" owner="BuiltIn">
<msg time="2025-04-11T17:00:34.984669" level="INFO"> </msg>
<arg>${element}</arg>
<doc>Logs the given message with the given level.</doc>
<status status="PASS" start="2025-04-11T17:00:34.984669" elapsed="0.001000"/>
</kw>
<kw name="Create Dictionary" owner="BuiltIn">
<msg time="2025-04-11T17:00:34.985669" level="INFO">${mask_element} = {'page': 'all', 'type': 'pattern', 'pattern': ' '}</msg>
<var>${mask_element}</var>
<arg>page=all</arg>
<arg>type=pattern</arg>
<arg>pattern=${element}</arg>
<doc>Creates and returns a dictionary based on the given ``items``.</doc>
<status status="PASS" start="2025-04-11T17:00:34.985669" elapsed="0.000000"/>
</kw>
<if>
<branch type="IF" condition="'${element}'.replace('-','') == ''">
<kw name="Append To List" owner="Collections">
<arg>${masks}</arg>
<arg>${mask_element}</arg>
<doc>Adds ``values`` to the end of ``list``.</doc>
<status status="NOT RUN" start="2025-04-11T17:00:34.985669" elapsed="0.000000"/>
</kw>
<status status="NOT RUN" start="2025-04-11T17:00:34.985669" elapsed="0.000000"/>
</branch>
<status status="PASS" start="2025-04-11T17:00:34.985669" elapsed="0.000000"/>
</if>
<var name="${element}"> </var>
<status status="PASS" start="2025-04-11T17:00:34.984669" elapsed="0.001000"/>
</iter>
<iter>
<kw name="Log" owner="BuiltIn">
<msg time="2025-04-11T17:00:34.986667" level="INFO"> </msg>
<arg>${element}</arg>
<doc>Logs the given message with the given level.</doc>
<status status="PASS" start="2025-04-11T17:00:34.986667" elapsed="0.000000"/>
</kw>
<kw name="Create Dictionary" owner="BuiltIn">
<msg time="2025-04-11T17:00:34.986667" level="INFO">${mask_element} = {'page': 'all', 'type': 'pattern', 'pattern': ' '}</msg>
<var>${mask_element}</var>
<arg>page=all</arg>
<arg>type=pattern</arg>
<arg>pattern=${element}</arg>
<doc>Creates and returns a dictionary based on the given ``items``.</doc>
<status status="PASS" start="2025-04-11T17:00:34.986667" elapsed="0.000000"/>
</kw>
<if>
<branch type="IF" condition="'${element}'.replace('-','') == ''">
<kw name="Append To List" owner="Collections">
<arg>${masks}</arg>
<arg>${mask_element}</arg>
<doc>Adds ``values`` to the end of ``list``.</doc>
<status status="NOT RUN" start="2025-04-11T17:00:34.986667" elapsed="0.000000"/>
</kw>
<status status="NOT RUN" start="2025-04-11T17:00:34.986667" elapsed="0.001004"/>
</branch>
<status status="PASS" start="2025-04-11T17:00:34.986667" elapsed="0.001004"/>
</if>
<var name="${element}"> </var>
<status status="PASS" start="2025-04-11T17:00:34.985669" elapsed="0.002002"/>
</iter>
<iter>
<kw name="Log" owner="BuiltIn">
<msg time="2025-04-11T17:00:34.987671" level="INFO"> </msg>
<arg>${element}</arg>
<doc>Logs the given message with the given level.</doc>
<status status="PASS" start="2025-04-11T17:00:34.987671" elapsed="0.000000"/>
</kw>
<kw name="Create Dictionary" owner="BuiltIn">
<msg time="2025-04-11T17:00:34.987671" level="INFO">${mask_element} = {'page': 'all', 'type': 'pattern', 'pattern': ' '}</msg>
<var>${mask_element}</var>
<arg>page=all</arg>
<arg>type=pattern</arg>
<arg>pattern=${element}</arg>
<doc>Creates and returns a dictionary based on the given ``items``.</doc>
<status status="PASS" start="2025-04-11T17:00:34.987671" elapsed="0.000000"/>
</kw>
<if>
<branch type="IF" condition="'${element}'.replace('-','') == ''">
<kw name="Append To List" owner="Collections">
<arg>${masks}</arg>
<arg>${mask_element}</arg>
<doc>Adds ``values`` to the end of ``list``.</doc>
<status status="NOT RUN" start="2025-04-11T17:00:34.988667" elapsed="0.000000"/>
</kw>
<status status="NOT RUN" start="2025-04-11T17:00:34.988667" elapsed="0.000000"/>
</branch>
<status status="PASS" start="2025-04-11T17:00:34.988667" elapsed="0.000000"/>
</if>
<var name="${element}"> </var>
<status status="PASS" start="2025-04-11T17:00:34.987671" elapsed="0.000996"/>
</iter>
<iter>
<kw name="Log" owner="BuiltIn">
<msg time="2025-04-11T17:00:34.988667" level="INFO"> </msg>
<arg>${element}</arg>
<doc>Logs the given message with the given level.</doc>
<status status="PASS" start="2025-04-11T17:00:34.988667" elapsed="0.000000"/>
</kw>
<kw name="Create Dictionary" owner="BuiltIn">
<msg time="2025-04-11T17:00:34.989697" level="INFO">${mask_element} = {'page': 'all', 'type': 'pattern', 'pattern': ' '}</msg>
<var>${mask_element}</var>
<arg>page=all</arg>
<arg>type=pattern</arg>
<arg>pattern=${element}</arg>
<doc>Creates and returns a dictionary based on the given ``items``.</doc>
<status status="PASS" start="2025-04-11T17:00:34.988667" elapsed="0.001030"/>
</kw>
<if>
<branch type="IF" condition="'${element}'.replace('-','') == ''">
<kw name="Append To List" owner="Collections">
<arg>${masks}</arg>
<arg>${mask_element}</arg>
<doc>Adds ``values`` to the end of ``list``.</doc>
<status status="NOT RUN" start="2025-04-11T17:00:34.989985" elapsed="0.000000"/>
</kw>
<status status="NOT RUN" start="2025-04-11T17:00:34.989697" elapsed="0.000288"/>
</branch>
<status status="PASS" start="2025-04-11T17:00:34.989697" elapsed="0.000288"/>
</if>
<var name="${element}"> </var>
<status status="PASS" start="2025-04-11T17:00:34.988667" elapsed="0.001318"/>
</iter>
<iter>
<kw name="Log" owner="BuiltIn">
<msg time="2025-04-11T17:00:34.989985" level="INFO"> </msg>
<arg>${element}</arg>
<doc>Logs the given message with the given level.</doc>
<status status="PASS" start="2025-04-11T17:00:34.989985" elapsed="0.000000"/>
</kw>
<kw name="Create Dictionary" owner="BuiltIn">
<msg time="2025-04-11T17:00:34.990992" level="INFO">${mask_element} = {'page': 'all', 'type': 'pattern', 'pattern': ' '}</msg>
<var>${mask_element}</var>
<arg>page=all</arg>
<arg>type=pattern</arg>
<arg>pattern=${element}</arg>
<doc>Creates and returns a dictionary based on the given ``items``.</doc>
<status status="PASS" start="2025-04-11T17:00:34.989985" elapsed="0.001007"/>
</kw>
<if>
<branch type="IF" condition="'${element}'.replace('-','') == ''">
<kw name="Append To List" owner="Collections">
<arg>${masks}</arg>
<arg>${mask_element}</arg>
<doc>Adds ``values`` to the end of ``list``.</doc>
<status status="NOT RUN" start="2025-04-11T17:00:34.990992" elapsed="0.000000"/>
</kw>
<status status="NOT RUN" start="2025-04-11T17:00:34.990992" elapsed="0.000000"/>
</branch>
<status status="PASS" start="2025-04-11T17:00:34.990992" elapsed="0.000000"/>
</if>
<var name="${element}"> </var>
<status status="PASS" start="2025-04-11T17:00:34.989985" elapsed="0.001007"/>
</iter>
<iter>
<kw name="Log" owner="BuiltIn">
<msg time="2025-04-11T17:00:34.991995" level="INFO"> </msg>
<arg>${element}</arg>
<doc>Logs the given message with the given level.</doc>
<status status="PASS" start="2025-04-11T17:00:34.990992" elapsed="0.001003"/>
</kw>
<kw name="Create Dictionary" owner="BuiltIn">
<msg time="2025-04-11T17:00:34.991995" level="INFO">${mask_element} = {'page': 'all', 'type': 'pattern', 'pattern': ' '}</msg>
<var>${mask_element}</var>
<arg>page=all</arg>
<arg>type=pattern</arg>
<arg>pattern=${element}</arg>
<doc>Creates and returns a dictionary based on the given ``items``.</doc>
<status status="PASS" start="2025-04-11T17:00:34.991995" elapsed="0.000000"/>
</kw>
<if>
<branch type="IF" condition="'${element}'.replace('-','') == ''">
<kw name="Append To List" owner="Collections">
<arg>${masks}</arg>
<arg>${mask_element}</arg>
<doc>Adds ``values`` to the end of ``list``.</doc>
<status status="NOT RUN" start="2025-04-11T17:00:34.991995" elapsed="0.001006"/>
</kw>
<status status="NOT RUN" start="2025-04-11T17:00:34.991995" elapsed="0.001006"/>
</branch>
<status status="PASS" start="2025-04-11T17:00:34.991995" elapsed="0.001006"/>
</if>
<var name="${element}"> </var>
<status status="PASS" start="2025-04-11T17:00:34.990992" elapsed="0.002009"/>
</iter>
<iter>
<kw name="Log" owner="BuiltIn">
<msg time="2025-04-11T17:00:34.993001" level="INFO"> </msg>
<arg>${element}</arg>
<doc>Logs the given message with the given level.</doc>
<status status="PASS" start="2025-04-11T17:00:34.993001" elapsed="0.000000"/>
</kw>
<kw name="Create Dictionary" owner="BuiltIn">
<msg time="2025-04-11T17:00:34.994041" level="INFO">${mask_element} = {'page': 'all', 'type': 'pattern', 'pattern': ' '}</msg>
<var>${mask_element}</var>
<arg>page=all</arg>
<arg>type=pattern</arg>
<arg>pattern=${element}</arg>
<doc>Creates and returns a dictionary based on the given ``items``.</doc>
<status status="PASS" start="2025-04-11T17:00:34.993001" elapsed="0.001100"/>
</kw>
<if>
<branch type="IF" condition="'${element}'.replace('-','') == ''">
<kw name="Append To List" owner="Collections">
<arg>${masks}</arg>
<arg>${mask_element}</arg>
<doc>Adds ``values`` to the end of ``list``.</doc>
<status status="NOT RUN" start="2025-04-11T17:00:34.994101" elapsed="0.000000"/>
</kw>
<status status="NOT RUN" start="2025-04-11T17:00:34.994101" elapsed="0.000000"/>
</branch>
<status status="PASS" start="2025-04-11T17:00:34.994101" elapsed="0.000000"/>
</if>
<var name="${element}"> </var>
<status status="PASS" start="2025-04-11T17:00:34.993001" elapsed="0.001100"/>
</iter>
<iter>
<kw name="Log" owner="BuiltIn">
<msg time="2025-04-11T17:00:34.994101" level="INFO"> </msg>
<arg>${element}</arg>
<doc>Logs the given message with the given level.</doc>
<status status="PASS" start="2025-04-11T17:00:34.994101" elapsed="0.000000"/>
</kw>
<kw name="Create Dictionary" owner="BuiltIn">
<msg time="2025-04-11T17:00:34.995123" level="INFO">${mask_element} = {'page': 'all', 'type': 'pattern', 'pattern': ' '}</msg>
<var>${mask_element}</var>
<arg>page=all</arg>
<arg>type=pattern</arg>
<arg>pattern=${element}</arg>
<doc>Creates and returns a dictionary based on the given ``items``.</doc>
<status status="PASS" start="2025-04-11T17:00:34.995123" elapsed="0.000000"/>
</kw>
<if>
<branch type="IF" condition="'${element}'.replace('-','') == ''">
<kw name="Append To List" owner="Collections">
<arg>${masks}</arg>
<arg>${mask_element}</arg>
<doc>Adds ``values`` to the end of ``list``.</doc>
<status status="NOT RUN" start="2025-04-11T17:00:34.995852" elapsed="0.000000"/>
</kw>
<status status="NOT RUN" start="2025-04-11T17:00:34.995123" elapsed="0.000729"/>
</branch>
<status status="PASS" start="2025-04-11T17:00:34.995123" elapsed="0.000729"/>
</if>
<var name="${element}"> </var>
<status status="PASS" start="2025-04-11T17:00:34.994101" elapsed="0.001751"/>
</iter>
<iter>
<kw name="Log" owner="BuiltIn">
<msg time="2025-04-11T17:00:34.995852" level="INFO"> </msg>
<arg>${element}</arg>
<doc>Logs the given message with the given level.</doc>
<status status="PASS" start="2025-04-11T17:00:34.995852" elapsed="0.000000"/>
</kw>
<kw name="Create Dictionary" owner="BuiltIn">
<msg time="2025-04-11T17:00:34.996907" level="INFO">${mask_element} = {'page': 'all', 'type': 'pattern', 'pattern': ' '}</msg>
<var>${mask_element}</var>
<arg>page=all</arg>
<arg>type=pattern</arg>
<arg>pattern=${element}</arg>
<doc>Creates and returns a dictionary based on the given ``items``.</doc>
<status status="PASS" start="2025-04-11T17:00:34.995852" elapsed="0.001055"/>
</kw>
<if>
<branch type="IF" condition="'${element}'.replace('-','') == ''">
<kw name="Append To List" owner="Collections">
<arg>${masks}</arg>
<arg>${mask_element}</arg>
<doc>Adds ``values`` to the end of ``list``.</doc>
<status status="NOT RUN" start="2025-04-11T17:00:34.996907" elapsed="0.000000"/>
</kw>
<status status="NOT RUN" start="2025-04-11T17:00:34.996907" elapsed="0.000000"/>
</branch>
<status status="PASS" start="2025-04-11T17:00:34.996907" elapsed="0.000000"/>
</if>
<var name="${element}"> </var>
<status status="PASS" start="2025-04-11T17:00:34.995852" elapsed="0.001055"/>
</iter>
<iter>
<kw name="Log" owner="BuiltIn">
<msg time="2025-04-11T17:00:34.997905" level="INFO"> </msg>
<arg>${element}</arg>
<doc>Logs the given message with the given level.</doc>
<status status="PASS" start="2025-04-11T17:00:34.997905" elapsed="0.000000"/>
</kw>
<kw name="Create Dictionary" owner="BuiltIn">
<msg time="2025-04-11T17:00:34.997905" level="INFO">${mask_element} = {'page': 'all', 'type': 'pattern', 'pattern': ' '}</msg>
<var>${mask_element}</var>
<arg>page=all</arg>
<arg>type=pattern</arg>
<arg>pattern=${element}</arg>
<doc>Creates and returns a dictionary based on the given ``items``.</doc>
<status status="PASS" start="2025-04-11T17:00:34.997905" elapsed="0.000000"/>
</kw>
<if>
<branch type="IF" condition="'${element}'.replace('-','') == ''">
<kw name="Append To List" owner="Collections">
<arg>${masks}</arg>
<arg>${mask_element}</arg>
<doc>Adds ``values`` to the end of ``list``.</doc>
<status status="NOT RUN" start="2025-04-11T17:00:34.997905" elapsed="0.000000"/>
</kw>
<status status="NOT RUN" start="2025-04-11T17:00:34.997905" elapsed="0.000000"/>
</branch>
<status status="PASS" start="2025-04-11T17:00:34.997905" elapsed="0.001000"/>
</if>
<var name="${element}"> </var>
<status status="PASS" start="2025-04-11T17:00:34.996907" elapsed="0.001998"/>
</iter>
<iter>
<kw name="Log" owner="BuiltIn">
<msg time="2025-04-11T17:00:34.998905" level="INFO"> </msg>
<arg>${element}</arg>
<doc>Logs the given message with the given level.</doc>
<status status="PASS" start="2025-04-11T17:00:34.998905" elapsed="0.000000"/>
</kw>
<kw name="Create Dictionary" owner="BuiltIn">
<msg time="2025-04-11T17:00:34.998905" level="INFO">${mask_element} = {'page': 'all', 'type': 'pattern', 'pattern': ' '}</msg>
<var>${mask_element}</var>
<arg>page=all</arg>
<arg>type=pattern</arg>
<arg>pattern=${element}</arg>
<doc>Creates and returns a dictionary based on the given ``items``.</doc>
<status status="PASS" start="2025-04-11T17:00:34.998905" elapsed="0.000000"/>
</kw>
<if>
<branch type="IF" condition="'${element}'.replace('-','') == ''">
<kw name="Append To List" owner="Collections">
<arg>${masks}</arg>
<arg>${mask_element}</arg>
<doc>Adds ``values`` to the end of ``list``.</doc>
<status status="NOT RUN" start="2025-04-11T17:00:34.999910" elapsed="0.000000"/>
</kw>
<status status="NOT RUN" start="2025-04-11T17:00:34.999910" elapsed="0.000000"/>
</branch>
<status status="PASS" start="2025-04-11T17:00:34.999910" elapsed="0.000000"/>
</if>
<var name="${element}"> </var>
<status status="PASS" start="2025-04-11T17:00:34.998905" elapsed="0.001005"/>
</iter>
<iter>
<kw name="Log" owner="BuiltIn">
<msg time="2025-04-11T17:00:34.999910" level="INFO"> </msg>
<arg>${element}</arg>
<doc>Logs the given message with the given level.</doc>
<status status="PASS" start="2025-04-11T17:00:34.999910" elapsed="0.000000"/>
</kw>
<kw name="Create Dictionary" owner="BuiltIn">
<msg time="2025-04-11T17:00:35.000905" level="INFO">${mask_element} = {'page': 'all', 'type': 'pattern', 'pattern': ' '}</msg>
<var>${mask_element}</var>
<arg>page=all</arg>
<arg>type=pattern</arg>
<arg>pattern=${element}</arg>
<doc>Creates and returns a dictionary based on the given ``items``.</doc>
<status status="PASS" start="2025-04-11T17:00:34.999910" elapsed="0.000995"/>
</kw>
<if>
<branch type="IF" condition="'${element}'.replace('-','') == ''">
<kw name="Append To List" owner="Collections">
<arg>${masks}</arg>
<arg>${mask_element}</arg>
<doc>Adds ``values`` to the end of ``list``.</doc>
<status status="NOT RUN" start="2025-04-11T17:00:35.000905" elapsed="0.000000"/>
</kw>
<status status="NOT RUN" start="2025-04-11T17:00:35.000905" elapsed="0.000000"/>
</branch>
<status status="PASS" start="2025-04-11T17:00:35.000905" elapsed="0.000000"/>
</if>
<var name="${element}"> </var>
<status status="PASS" start="2025-04-11T17:00:34.999910" elapsed="0.000995"/>
</iter>
<iter>
<kw name="Log" owner="BuiltIn">
<msg time="2025-04-11T17:00:35.001905" level="INFO"> </msg>
<arg>${element}</arg>
<doc>Logs the given message with the given level.</doc>
<status status="PASS" start="2025-04-11T17:00:35.001905" elapsed="0.000000"/>
</kw>
<kw name="Create Dictionary" owner="BuiltIn">
<msg time="2025-04-11T17:00:35.001905" level="INFO">${mask_element} = {'page': 'all', 'type': 'pattern', 'pattern': ' '}</msg>
<var>${mask_element}</var>
<arg>page=all</arg>
<arg>type=pattern</arg>
<arg>pattern=${element}</arg>
<doc>Creates and returns a dictionary based on the given ``items``.</doc>
<status status="PASS" start="2025-04-11T17:00:35.001905" elapsed="0.000000"/>
</kw>
<if>
<branch type="IF" condition="'${element}'.replace('-','') == ''">
<kw name="Append To List" owner="Collections">
<arg>${masks}</arg>
<arg>${mask_element}</arg>
<doc>Adds ``values`` to the end of ``list``.</doc>
<status status="NOT RUN" start="2025-04-11T17:00:35.002903" elapsed="0.000000"/>
</kw>
<status status="NOT RUN" start="2025-04-11T17:00:35.001905" elapsed="0.000998"/>
</branch>
<status status="PASS" start="2025-04-11T17:00:35.001905" elapsed="0.000998"/>
</if>
<var name="${element}"> </var>
<status status="PASS" start="2025-04-11T17:00:35.000905" elapsed="0.001998"/>
</iter>
<iter>
<kw name="Log" owner="BuiltIn">
<msg time="2025-04-11T17:00:35.002903" level="INFO"> </msg>
<arg>${element}</arg>
<doc>Logs the given message with the given level.</doc>
<status status="PASS" start="2025-04-11T17:00:35.002903" elapsed="0.000000"/>
</kw>
<kw name="Create Dictionary" owner="BuiltIn">
<msg time="2025-04-11T17:00:35.003903" level="INFO">${mask_element} = {'page': 'all', 'type': 'pattern', 'pattern': ' '}</msg>
<var>${mask_element}</var>
<arg>page=all</arg>
<arg>type=pattern</arg>
<arg>pattern=${element}</arg>
<doc>Creates and returns a dictionary based on the given ``items``.</doc>
<status status="PASS" start="2025-04-11T17:00:35.002903" elapsed="0.001000"/>
</kw>
<if>
<branch type="IF" condition="'${element}'.replace('-','') == ''">
<kw name="Append To List" owner="Collections">
<arg>${masks}</arg>
<arg>${mask_element}</arg>
<doc>Adds ``values`` to the end of ``list``.</doc>
<status status="NOT RUN" start="2025-04-11T17:00:35.003903" elapsed="0.000000"/>
</kw>
<status status="NOT RUN" start="2025-04-11T17:00:35.003903" elapsed="0.000000"/>
</branch>
<status status="PASS" start="2025-04-11T17:00:35.003903" elapsed="0.000000"/>
</if>
<var name="${element}"> </var>
<status status="PASS" start="2025-04-11T17:00:35.002903" elapsed="0.001000"/>
</iter>
<iter>
<kw name="Log" owner="BuiltIn">
<msg time="2025-04-11T17:00:35.003903" level="INFO"> </msg>
<arg>${element}</arg>
<doc>Logs the given message with the given level.</doc>
<status status="PASS" start="2025-04-11T17:00:35.003903" elapsed="0.001002"/>
</kw>
<kw name="Create Dictionary" owner="BuiltIn">
<msg time="2025-04-11T17:00:35.005244" level="INFO">${mask_element} = {'page': 'all', 'type': 'pattern', 'pattern': ' '}</msg>
<var>${mask_element}</var>
<arg>page=all</arg>
<arg>type=pattern</arg>
<arg>pattern=${element}</arg>
<doc>Creates and returns a dictionary based on the given ``items``.</doc>
<status status="PASS" start="2025-04-11T17:00:35.004905" elapsed="0.000339"/>
</kw>
<if>
<branch type="IF" condition="'${element}'.replace('-','') == ''">
<kw name="Append To List" owner="Collections">
<arg>${masks}</arg>
<arg>${mask_element}</arg>
<doc>Adds ``values`` to the end of ``list``.</doc>
<status status="NOT RUN" start="2025-04-11T17:00:35.005244" elapsed="0.000000"/>
</kw>
<status status="NOT RUN" start="2025-04-11T17:00:35.005244" elapsed="0.000000"/>
</branch>
<status status="PASS" start="2025-04-11T17:00:35.005244" elapsed="0.000000"/>
</if>
<var name="${element}"> </var>
<status status="PASS" start="2025-04-11T17:00:35.003903" elapsed="0.001341"/>
</iter>
<iter>
<kw name="Log" owner="BuiltIn">
<msg time="2025-04-11T17:00:35.005244" level="INFO">----------------</msg>
<arg>${element}</arg>
<doc>Logs the given message with the given level.</doc>
<status status="PASS" start="2025-04-11T17:00:35.005244" elapsed="0.000000"/>
</kw>
<kw name="Create Dictionary" owner="BuiltIn">
<msg time="2025-04-11T17:00:35.006285" level="INFO">${mask_element} = {'page': 'all', 'type': 'pattern', 'pattern': '----------------'}</msg>
<var>${mask_element}</var>
<arg>page=all</arg>
<arg>type=pattern</arg>
<arg>pattern=${element}</arg>
<doc>Creates and returns a dictionary based on the given ``items``.</doc>
<status status="PASS" start="2025-04-11T17:00:35.006285" elapsed="0.000000"/>
</kw>
<if>
<branch type="IF" condition="'${element}'.replace('-','') == ''">
<kw name="Append To List" owner="Collections">
<arg>${masks}</arg>
<arg>${mask_element}</arg>
<doc>Adds ``values`` to the end of ``list``.</doc>
<status status="PASS" start="2025-04-11T17:00:35.006285" elapsed="0.000000"/>
</kw>
<status status="PASS" start="2025-04-11T17:00:35.006285" elapsed="0.000000"/>
</branch>
<status status="PASS" start="2025-04-11T17:00:35.006285" elapsed="0.000000"/>
</if>
<var name="${element}">----------------</var>
<status status="PASS" start="2025-04-11T17:00:35.005244" elapsed="0.001041"/>
</iter>
<iter>
<kw name="Log" owner="BuiltIn">
<msg time="2025-04-11T17:00:35.007288" level="INFO">------------------------------------</msg>
<arg>${element}</arg>
<doc>Logs the given message with the given level.</doc>
<status status="PASS" start="2025-04-11T17:00:35.007288" elapsed="0.000000"/>
</kw>
<kw name="Create Dictionary" owner="BuiltIn">
<msg time="2025-04-11T17:00:35.007288" level="INFO">${mask_element} = {'page': 'all', 'type': 'pattern', 'pattern': '------------------------------------'}</msg>
<var>${mask_element}</var>
<arg>page=all</arg>
<arg>type=pattern</arg>
<arg>pattern=${element}</arg>
<doc>Creates and returns a dictionary based on the given ``items``.</doc>
<status status="PASS" start="2025-04-11T17:00:35.007288" elapsed="0.000000"/>
</kw>
<if>
<branch type="IF" condition="'${element}'.replace('-','') == ''">
<kw name="Append To List" owner="Collections">
<arg>${masks}</arg>
<arg>${mask_element}</arg>
<doc>Adds ``values`` to the end of ``list``.</doc>
<status status="PASS" start="2025-04-11T17:00:35.008292" elapsed="0.000000"/>
</kw>
<status status="PASS" start="2025-04-11T17:00:35.007288" elapsed="0.001004"/>
</branch>
<status status="PASS" start="2025-04-11T17:00:35.007288" elapsed="0.001004"/>
</if>
<var name="${element}">------------------------------------</var>
<status status="PASS" start="2025-04-11T17:00:35.007288" elapsed="0.001004"/>
</iter>
<iter>
<kw name="Log" owner="BuiltIn">
<msg time="2025-04-11T17:00:35.008873" level="INFO">-------------------------------------</msg>
<arg>${element}</arg>
<doc>Logs the given message with the given level.</doc>
<status status="PASS" start="2025-04-11T17:00:35.008873" elapsed="0.000000"/>
</kw>
<kw name="Create Dictionary" owner="BuiltIn">
<msg time="2025-04-11T17:00:35.008873" level="INFO">${mask_element} = {'page': 'all', 'type': 'pattern', 'pattern': '-------------------------------------'}</msg>
<var>${mask_element}</var>
<arg>page=all</arg>
<arg>type=pattern</arg>
<arg>pattern=${element}</arg>
<doc>Creates and returns a dictionary based on the given ``items``.</doc>
<status status="PASS" start="2025-04-11T17:00:35.008873" elapsed="0.000000"/>
</kw>
<if>
<branch type="IF" condition="'${element}'.replace('-','') == ''">
<kw name="Append To List" owner="Collections">
<arg>${masks}</arg>
<arg>${mask_element}</arg>
<doc>Adds ``values`` to the end of ``list``.</doc>
<status status="PASS" start="2025-04-11T17:00:35.009882" elapsed="0.000207"/>
</kw>
<status status="PASS" start="2025-04-11T17:00:35.008873" elapsed="0.001216"/>
</branch>
<status status="PASS" start="2025-04-11T17:00:35.008873" elapsed="0.001216"/>
</if>
<var name="${element}">-------------------------------------</var>
<status status="PASS" start="2025-04-11T17:00:35.008873" elapsed="0.001216"/>
</iter>
<iter>
<kw name="Log" owner="BuiltIn">
<msg time="2025-04-11T17:00:35.010592" level="INFO">-------------------------------------</msg>
<arg>${element}</arg>
<doc>Logs the given message with the given level.</doc>
<status status="PASS" start="2025-04-11T17:00:35.010089" elapsed="0.000503"/>
</kw>
<kw name="Create Dictionary" owner="BuiltIn">
<msg time="2025-04-11T17:00:35.010592" level="INFO">${mask_element} = {'page': 'all', 'type': 'pattern', 'pattern': '-------------------------------------'}</msg>
<var>${mask_element}</var>
<arg>page=all</arg>
<arg>type=pattern</arg>
<arg>pattern=${element}</arg>
<doc>Creates and returns a dictionary based on the given ``items``.</doc>
<status status="PASS" start="2025-04-11T17:00:35.010592" elapsed="0.000000"/>
</kw>
<if>
<branch type="IF" condition="'${element}'.replace('-','') == ''">
<kw name="Append To List" owner="Collections">
<arg>${masks}</arg>
<arg>${mask_element}</arg>
<doc>Adds ``values`` to the end of ``list``.</doc>
<status status="PASS" start="2025-04-11T17:00:35.010592" elapsed="0.001042"/>
</kw>
<status status="PASS" start="2025-04-11T17:00:35.010592" elapsed="0.001042"/>
</branch>
<status status="PASS" start="2025-04-11T17:00:35.010592" elapsed="0.001042"/>
</if>
<var name="${element}">-------------------------------------</var>
<status status="PASS" start="2025-04-11T17:00:35.010089" elapsed="0.001545"/>
</iter>
<iter>
<kw name="Log" owner="BuiltIn">
<msg time="2025-04-11T17:00:35.011634" level="INFO">------------------------------------</msg>
<arg>${element}</arg>
<doc>Logs the given message with the given level.</doc>
<status status="PASS" start="2025-04-11T17:00:35.011634" elapsed="0.000000"/>
</kw>
<kw name="Create Dictionary" owner="BuiltIn">
<msg time="2025-04-11T17:00:35.012638" level="INFO">${mask_element} = {'page': 'all', 'type': 'pattern', 'pattern': '------------------------------------'}</msg>
<var>${mask_element}</var>
<arg>page=all</arg>
<arg>type=pattern</arg>
<arg>pattern=${element}</arg>
<doc>Creates and returns a dictionary based on the given ``items``.</doc>
<status status="PASS" start="2025-04-11T17:00:35.012638" elapsed="0.000000"/>
</kw>
<if>
<branch type="IF" condition="'${element}'.replace('-','') == ''">
<kw name="Append To List" owner="Collections">
<arg>${masks}</arg>
<arg>${mask_element}</arg>
<doc>Adds ``values`` to the end of ``list``.</doc>
<status status="PASS" start="2025-04-11T17:00:35.012638" elapsed="0.000000"/>
</kw>
<status status="PASS" start="2025-04-11T17:00:35.012638" elapsed="0.000000"/>
</branch>
<status status="PASS" start="2025-04-11T17:00:35.012638" elapsed="0.000000"/>
</if>
<var name="${element}">------------------------------------</var>
<status status="PASS" start="2025-04-11T17:00:35.011634" elapsed="0.001004"/>
</iter>
<var>${element}</var>
<value>@{text1}</value>
<status status="PASS" start="2025-04-11T17:00:34.950462" elapsed="0.062176"/>
</for>
<return>
<value>${masks}</value>
<status status="PASS" start="2025-04-11T17:00:35.012638" elapsed="0.000996"/>
</return>
<msg time="2025-04-11T17:00:35.013634" level="INFO">${ignore} = [{'page': 'all', 'type': 'pattern', 'pattern': '----------------'}, {'page': 'all', 'type': 'pattern', 'pattern': '------------------------------------'}, {'page': 'all', 'type': 'pattern', 'pattern':...</msg>
<var>${ignore}</var>
<arg>${customerdetails_reference}</arg>
<status status="PASS" start="2025-04-11T17:00:34.755915" elapsed="0.257719"/>
</kw>
<kw name="Compare two Images and Ignore Mask" owner="Doctest_keywords">
<kw name="Compare Images" owner="DocTest.VisualTest">
<msg time="2025-04-11T17:00:35.362177" level="INFO">Rendering document to PyMuPDF Image performed in 0.0008 seconds
Conversion from PyMuPDF Image to OpenCV Image performed in 0.1444 seconds
Searching line_pattern
Searching line_pattern
Searching line_pattern
Searching line_pattern
Searching line_pattern
Identified Masks: [{'page': 1, 'x': 1266.050296359592, 'y': 205.59329986572266, 'height': 40.07500542534722, 'width': 155.39991590711804}, {'page': 1, 'x': 383.77804226345484, 'y': 270.21817101372613, 'height': 40.07500542534722, 'width': 349.6498107910156}, {'page': 1, 'x': 383.77804226345484, 'y': 336.9275622897678, 'height': 40.07498423258463, 'width': 359.3623691134983}, {'page': 1, 'x': 383.77804226345484, 'y': 392.5187004937066, 'height': 40.07500542534722, 'width': 359.3623691134983}, {'page': 1, 'x': 390.0352901882595, 'y': 457.8385247124566, 'height': 40.07500542534722, 'width': 349.6498531765408}, {'page': 1, 'x': 383.77804226345484, 'y': 270.21817101372613, 'height': 40.07500542534722, 'width': 349.6498107910156}, {'page': 1, 'x': 383.77804226345484, 'y': 336.9275622897678, 'height': 40.07498423258463, 'width': 359.3623691134983}, {'page': 1, 'x': 383.77804226345484, 'y': 392.5187004937066, 'height': 40.07500542534722, 'width': 359.3623691134983}, {'page': 1, 'x': 390.0352901882595, 'y': 457.8385247124566, 'height': 40.07500542534722, 'width': 349.6498531765408}, {'page': 1, 'x': 383.77804226345484, 'y': 336.9275622897678, 'height': 40.07498423258463, 'width': 359.3623691134983}, {'page': 1, 'x': 383.77804226345484, 'y': 392.5187004937066, 'height': 40.07500542534722, 'width': 359.3623691134983}, {'page': 1, 'x': 383.77804226345484, 'y': 336.9275622897678, 'height': 40.07498423258463, 'width': 359.3623691134983}, {'page': 1, 'x': 383.77804226345484, 'y': 392.5187004937066, 'height': 40.07500542534722, 'width': 359.3623691134983}, {'page': 1, 'x': 383.77804226345484, 'y': 270.21817101372613, 'height': 40.07500542534722, 'width': 349.6498107910156}, {'page': 1, 'x': 383.77804226345484, 'y': 336.9275622897678, 'height': 40.07498423258463, 'width': 359.3623691134983}, {'page': 1, 'x': 383.77804226345484, 'y': 392.5187004937066, 'height': 40.07500542534722, 'width': 359.3623691134983}, {'page': 1, 'x': 390.0352901882595, 'y': 457.8385247124566, 'height': 40.07500542534722, 'width': 349.6498531765408}]
Compare Image Object created in 0.1765 seconds
Rendering document to PyMuPDF Image performed in 0.0010 seconds
Conversion from PyMuPDF Image to OpenCV Image performed in 0.1523 seconds
Compare Image Object created in 0.1547 seconds
The compared images are equal
Visual Image comparison performed in 0.0125 seconds</msg>
<arg>${pdf_reference_image}</arg>
<arg>${pdf_candidate_image}</arg>
<arg>mask=${mask}</arg>
<doc>Compares the documents/images ``reference_image`` and ``test_image``.</doc>
<status status="PASS" start="2025-04-11T17:00:35.014576" elapsed="0.347601"/>
</kw>
<arg>${customerdetails_reference}</arg>
<arg>${customer3_file}</arg>
<arg>${ignore}</arg>
<status status="PASS" start="2025-04-11T17:00:35.013634" elapsed="0.349541"/>
</kw>
<tag>test</tag>
<status status="PASS" start="2025-04-11T17:00:34.755405" elapsed="0.607770"/>
</test>
<test id="s1-t12" name="TC x. 12 DocTest" line="69">
<kw name="Get Reference Template" owner="Doctest_keywords">
<kw name="Get Text From Document" owner="DocTest.VisualTest">
<msg time="2025-04-11T17:00:35.544931" level="INFO">Rendering document to PyMuPDF Image performed in 0.0008 seconds
Conversion from PyMuPDF Image to OpenCV Image performed in 0.1618 seconds
Compare Image Object created in 0.1644 seconds</msg>
<msg time="2025-04-11T17:00:35.545931" level="INFO">${text1} = ['Customer details  ', ' ', ' ', ' ', ' ', ' ', ' ', 'Date:18/03/2025', 'Name:  ', 'Alice ', ' ', 'Age: ', ' ', '26 ', 'Occupation: ', 'Freelance ', 'Salary:  ', '30,000   ', ' ', ' ', ' ', ' ', ' ', ...</msg>
<var>${text1}</var>
<arg>${pdf_file}</arg>
<doc>Gets Text Content from documents/images ``image``.</doc>
<status status="PASS" start="2025-04-11T17:00:35.366437" elapsed="0.179494"/>
</kw>
<kw name="Log" owner="BuiltIn">
<msg time="2025-04-11T17:00:35.546933" level="INFO">['Customer details  ', ' ', ' ', ' ', ' ', ' ', ' ', 'Date:18/03/2025', 'Name:  ', 'Alice ', ' ', 'Age: ', ' ', '26 ', 'Occupation: ', 'Freelance ', 'Salary:  ', '30,000   ', ' ', ' ', ' ', ' ', ' ', ' ', ' ', ' ', ' ', ' ', ' ', ' ', ' ', ' ', ' ', ' ', ' ', ' ', ' ', '----------------', '------------------------------------', '-------------------------------------', '-------------------------------------', '------------------------------------']</msg>
<arg>${text1}</arg>
<doc>Logs the given message with the given level.</doc>
<status status="PASS" start="2025-04-11T17:00:35.545931" elapsed="0.001002"/>
</kw>
<kw name="Create List" owner="BuiltIn">
<msg time="2025-04-11T17:00:35.547932" level="INFO">${masks} = []</msg>
<var>${masks}</var>
<doc>Returns a list containing given items.</doc>
<status status="PASS" start="2025-04-11T17:00:35.546933" elapsed="0.000999"/>
</kw>
<for flavor="IN">
<iter>
<kw name="Log" owner="BuiltIn">
<msg time="2025-04-11T17:00:35.548931" level="INFO">Customer details  </msg>
<arg>${element}</arg>
<doc>Logs the given message with the given level.</doc>
<status status="PASS" start="2025-04-11T17:00:35.547932" elapsed="0.000999"/>
</kw>
<kw name="Create Dictionary" owner="BuiltIn">
<msg time="2025-04-11T17:00:35.549931" level="INFO">${mask_element} = {'page': 'all', 'type': 'pattern', 'pattern': 'Customer details  '}</msg>
<var>${mask_element}</var>
<arg>page=all</arg>
<arg>type=pattern</arg>
<arg>pattern=${element}</arg>
<doc>Creates and returns a dictionary based on the given ``items``.</doc>
<status status="PASS" start="2025-04-11T17:00:35.548931" elapsed="0.001000"/>
</kw>
<if>
<branch type="IF" condition="'${element}'.replace('-','') == ''">
<kw name="Append To List" owner="Collections">
<arg>${masks}</arg>
<arg>${mask_element}</arg>
<doc>Adds ``values`` to the end of ``list``.</doc>
<status status="NOT RUN" start="2025-04-11T17:00:35.549931" elapsed="0.000000"/>
</kw>
<status status="NOT RUN" start="2025-04-11T17:00:35.549931" elapsed="0.000000"/>
</branch>
<status status="PASS" start="2025-04-11T17:00:35.549931" elapsed="0.001026"/>
</if>
<var name="${element}">Customer details  </var>
<status status="PASS" start="2025-04-11T17:00:35.547932" elapsed="0.003025"/>
</iter>
<iter>
<kw name="Log" owner="BuiltIn">
<msg time="2025-04-11T17:00:35.550957" level="INFO"> </msg>
<arg>${element}</arg>
<doc>Logs the given message with the given level.</doc>
<status status="PASS" start="2025-04-11T17:00:35.550957" elapsed="0.000000"/>
</kw>
<kw name="Create Dictionary" owner="BuiltIn">
<msg time="2025-04-11T17:00:35.552157" level="INFO">${mask_element} = {'page': 'all', 'type': 'pattern', 'pattern': ' '}</msg>
<var>${mask_element}</var>
<arg>page=all</arg>
<arg>type=pattern</arg>
<arg>pattern=${element}</arg>
<doc>Creates and returns a dictionary based on the given ``items``.</doc>
<status status="PASS" start="2025-04-11T17:00:35.550957" elapsed="0.001200"/>
</kw>
<if>
<branch type="IF" condition="'${element}'.replace('-','') == ''">
<kw name="Append To List" owner="Collections">
<arg>${masks}</arg>
<arg>${mask_element}</arg>
<doc>Adds ``values`` to the end of ``list``.</doc>
<status status="NOT RUN" start="2025-04-11T17:00:35.552157" elapsed="0.001000"/>
</kw>
<status status="NOT RUN" start="2025-04-11T17:00:35.552157" elapsed="0.001000"/>
</branch>
<status status="PASS" start="2025-04-11T17:00:35.552157" elapsed="0.001000"/>
</if>
<var name="${element}"> </var>
<status status="PASS" start="2025-04-11T17:00:35.550957" elapsed="0.002200"/>
</iter>
<iter>
<kw name="Log" owner="BuiltIn">
<msg time="2025-04-11T17:00:35.553157" level="INFO"> </msg>
<arg>${element}</arg>
<doc>Logs the given message with the given level.</doc>
<status status="PASS" start="2025-04-11T17:00:35.553157" elapsed="0.001002"/>
</kw>
<kw name="Create Dictionary" owner="BuiltIn">
<msg time="2025-04-11T17:00:35.554159" level="INFO">${mask_element} = {'page': 'all', 'type': 'pattern', 'pattern': ' '}</msg>
<var>${mask_element}</var>
<arg>page=all</arg>
<arg>type=pattern</arg>
<arg>pattern=${element}</arg>
<doc>Creates and returns a dictionary based on the given ``items``.</doc>
<status status="PASS" start="2025-04-11T17:00:35.554159" elapsed="0.000000"/>
</kw>
<if>
<branch type="IF" condition="'${element}'.replace('-','') == ''">
<kw name="Append To List" owner="Collections">
<arg>${masks}</arg>
<arg>${mask_element}</arg>
<doc>Adds ``values`` to the end of ``list``.</doc>
<status status="NOT RUN" start="2025-04-11T17:00:35.555157" elapsed="0.000000"/>
</kw>
<status status="NOT RUN" start="2025-04-11T17:00:35.555157" elapsed="0.000000"/>
</branch>
<status status="PASS" start="2025-04-11T17:00:35.555157" elapsed="0.000000"/>
</if>
<var name="${element}"> </var>
<status status="PASS" start="2025-04-11T17:00:35.553157" elapsed="0.002000"/>
</iter>
<iter>
<kw name="Log" owner="BuiltIn">
<msg time="2025-04-11T17:00:35.556159" level="INFO"> </msg>
<arg>${element}</arg>
<doc>Logs the given message with the given level.</doc>
<status status="PASS" start="2025-04-11T17:00:35.556159" elapsed="0.000000"/>
</kw>
<kw name="Create Dictionary" owner="BuiltIn">
<msg time="2025-04-11T17:00:35.556159" level="INFO">${mask_element} = {'page': 'all', 'type': 'pattern', 'pattern': ' '}</msg>
<var>${mask_element}</var>
<arg>page=all</arg>
<arg>type=pattern</arg>
<arg>pattern=${element}</arg>
<doc>Creates and returns a dictionary based on the given ``items``.</doc>
<status status="PASS" start="2025-04-11T17:00:35.556159" elapsed="0.000000"/>
</kw>
<if>
<branch type="IF" condition="'${element}'.replace('-','') == ''">
<kw name="Append To List" owner="Collections">
<arg>${masks}</arg>
<arg>${mask_element}</arg>
<doc>Adds ``values`` to the end of ``list``.</doc>
<status status="NOT RUN" start="2025-04-11T17:00:35.557160" elapsed="0.000000"/>
</kw>
<status status="NOT RUN" start="2025-04-11T17:00:35.557160" elapsed="0.000000"/>
</branch>
<status status="PASS" start="2025-04-11T17:00:35.557160" elapsed="0.000000"/>
</if>
<var name="${element}"> </var>
<status status="PASS" start="2025-04-11T17:00:35.555157" elapsed="0.002003"/>
</iter>
<iter>
[...]
<arg>${unique_elements}</arg>
<arg>${element}</arg>
<doc>Adds ``values`` to the end of ``list``.</doc>
<status status="NOT RUN" start="2025-04-11T17:00:38.114917" elapsed="0.000000"/>
</kw>
<status status="NOT RUN" start="2025-04-11T17:00:38.114917" elapsed="0.000000"/>
</branch>
<branch type="ELSE">
<kw name="Continue For Loop" owner="BuiltIn">
<msg time="2025-04-11T17:00:38.114917" level="INFO">Continuing for loop from the next iteration.</msg>
<doc>Skips the current FOR loop iteration and continues from the next.</doc>
<status status="PASS" start="2025-04-11T17:00:38.114917" elapsed="0.000000"/>
</kw>
<status status="PASS" start="2025-04-11T17:00:38.114917" elapsed="0.000000"/>
</branch>
<status status="PASS" start="2025-04-11T17:00:38.113914" elapsed="0.001003"/>
</if>
<var name="${element}"> </var>
<status status="PASS" start="2025-04-11T17:00:38.113914" elapsed="0.001003"/>
</iter>
<iter>
<kw name="Evaluate" owner="BuiltIn">
<msg time="2025-04-11T17:00:38.115907" level="INFO">${condition} = False</msg>
<var>${condition}</var>
<arg>'${element}' not in ${text1}</arg>
<doc>Evaluates the given expression in Python and returns the result.</doc>
<status status="PASS" start="2025-04-11T17:00:38.115907" elapsed="0.000000"/>
</kw>
<if>
<branch type="IF" condition="${condition}">
<kw name="Append To List" owner="Collections">
<arg>${unique_elements}</arg>
<arg>${element}</arg>
<doc>Adds ``values`` to the end of ``list``.</doc>
<status status="NOT RUN" start="2025-04-11T17:00:38.115907" elapsed="0.000000"/>
</kw>
<status status="NOT RUN" start="2025-04-11T17:00:38.115907" elapsed="0.000000"/>
</branch>
<branch type="ELSE">
<kw name="Continue For Loop" owner="BuiltIn">
<msg time="2025-04-11T17:00:38.116909" level="INFO">Continuing for loop from the next iteration.</msg>
<doc>Skips the current FOR loop iteration and continues from the next.</doc>
<status status="PASS" start="2025-04-11T17:00:38.116909" elapsed="0.000000"/>
</kw>
<status status="PASS" start="2025-04-11T17:00:38.116909" elapsed="0.000000"/>
</branch>
<status status="PASS" start="2025-04-11T17:00:38.115907" elapsed="0.001002"/>
</if>
<var name="${element}"> </var>
<status status="PASS" start="2025-04-11T17:00:38.115907" elapsed="0.001002"/>
</iter>
<iter>
<kw name="Evaluate" owner="BuiltIn">
<msg time="2025-04-11T17:00:38.117904" level="INFO">${condition} = False</msg>
<var>${condition}</var>
<arg>'${element}' not in ${text1}</arg>
<doc>Evaluates the given expression in Python and returns the result.</doc>
<status status="PASS" start="2025-04-11T17:00:38.116909" elapsed="0.000995"/>
</kw>
<if>
<branch type="IF" condition="${condition}">
<kw name="Append To List" owner="Collections">
<arg>${unique_elements}</arg>
<arg>${element}</arg>
<doc>Adds ``values`` to the end of ``list``.</doc>
<status status="NOT RUN" start="2025-04-11T17:00:38.117904" elapsed="0.000000"/>
</kw>
<status status="NOT RUN" start="2025-04-11T17:00:38.117904" elapsed="0.000000"/>
</branch>
<branch type="ELSE">
<kw name="Continue For Loop" owner="BuiltIn">
<msg time="2025-04-11T17:00:38.118937" level="INFO">Continuing for loop from the next iteration.</msg>
<doc>Skips the current FOR loop iteration and continues from the next.</doc>
<status status="PASS" start="2025-04-11T17:00:38.117904" elapsed="0.001033"/>
</kw>
<status status="PASS" start="2025-04-11T17:00:38.117904" elapsed="0.001033"/>
</branch>
<status status="PASS" start="2025-04-11T17:00:38.117904" elapsed="0.001033"/>
</if>
<var name="${element}"> </var>
<status status="PASS" start="2025-04-11T17:00:38.116909" elapsed="0.002028"/>
</iter>
<iter>
<kw name="Evaluate" owner="BuiltIn">
<msg time="2025-04-11T17:00:38.119923" level="INFO">${condition} = False</msg>
<var>${condition}</var>
<arg>'${element}' not in ${text1}</arg>
<doc>Evaluates the given expression in Python and returns the result.</doc>
<status status="PASS" start="2025-04-11T17:00:38.118937" elapsed="0.000986"/>
</kw>
<if>
<branch type="IF" condition="${condition}">
<kw name="Append To List" owner="Collections">
<arg>${unique_elements}</arg>
<arg>${element}</arg>
<doc>Adds ``values`` to the end of ``list``.</doc>
<status status="NOT RUN" start="2025-04-11T17:00:38.119923" elapsed="0.000000"/>
</kw>
<status status="NOT RUN" start="2025-04-11T17:00:38.119923" elapsed="0.000000"/>
</branch>
<branch type="ELSE">
<kw name="Continue For Loop" owner="BuiltIn">
<msg time="2025-04-11T17:00:38.119923" level="INFO">Continuing for loop from the next iteration.</msg>
<doc>Skips the current FOR loop iteration and continues from the next.</doc>
<status status="PASS" start="2025-04-11T17:00:38.119923" elapsed="0.000000"/>
</kw>
<status status="PASS" start="2025-04-11T17:00:38.119923" elapsed="0.000000"/>
</branch>
<status status="PASS" start="2025-04-11T17:00:38.119923" elapsed="0.000000"/>
</if>
<var name="${element}"> </var>
<status status="PASS" start="2025-04-11T17:00:38.118937" elapsed="0.000986"/>
</iter>
<iter>
<kw name="Evaluate" owner="BuiltIn">
<msg time="2025-04-11T17:00:38.120904" level="INFO">${condition} = False</msg>
<var>${condition}</var>
<arg>'${element}' not in ${text1}</arg>
<doc>Evaluates the given expression in Python and returns the result.</doc>
<status status="PASS" start="2025-04-11T17:00:38.120904" elapsed="0.000000"/>
</kw>
<if>
<branch type="IF" condition="${condition}">
<kw name="Append To List" owner="Collections">
<arg>${unique_elements}</arg>
<arg>${element}</arg>
<doc>Adds ``values`` to the end of ``list``.</doc>
<status status="NOT RUN" start="2025-04-11T17:00:38.120904" elapsed="0.000000"/>
</kw>
<status status="NOT RUN" start="2025-04-11T17:00:38.120904" elapsed="0.000000"/>
</branch>
<branch type="ELSE">
<kw name="Continue For Loop" owner="BuiltIn">
<msg time="2025-04-11T17:00:38.121902" level="INFO">Continuing for loop from the next iteration.</msg>
<doc>Skips the current FOR loop iteration and continues from the next.</doc>
<status status="PASS" start="2025-04-11T17:00:38.120904" elapsed="0.000998"/>
</kw>
<status status="PASS" start="2025-04-11T17:00:38.120904" elapsed="0.000998"/>
</branch>
<status status="PASS" start="2025-04-11T17:00:38.120904" elapsed="0.000998"/>
</if>
<var name="${element}"> </var>
<status status="PASS" start="2025-04-11T17:00:38.120904" elapsed="0.000998"/>
</iter>
<iter>
<kw name="Evaluate" owner="BuiltIn">
<msg time="2025-04-11T17:00:38.121902" level="INFO">${condition} = False</msg>
<var>${condition}</var>
<arg>'${element}' not in ${text1}</arg>
<doc>Evaluates the given expression in Python and returns the result.</doc>
<status status="PASS" start="2025-04-11T17:00:38.121902" elapsed="0.000000"/>
</kw>
<if>
<branch type="IF" condition="${condition}">
<kw name="Append To List" owner="Collections">
<arg>${unique_elements}</arg>
<arg>${element}</arg>
<doc>Adds ``values`` to the end of ``list``.</doc>
<status status="NOT RUN" start="2025-04-11T17:00:38.122903" elapsed="0.000000"/>
</kw>
<status status="NOT RUN" start="2025-04-11T17:00:38.121902" elapsed="0.001001"/>
</branch>
<branch type="ELSE">
<kw name="Continue For Loop" owner="BuiltIn">
<msg time="2025-04-11T17:00:38.122903" level="INFO">Continuing for loop from the next iteration.</msg>
<doc>Skips the current FOR loop iteration and continues from the next.</doc>
<status status="PASS" start="2025-04-11T17:00:38.122903" elapsed="0.000000"/>
</kw>
<status status="PASS" start="2025-04-11T17:00:38.122903" elapsed="0.000000"/>
</branch>
<status status="PASS" start="2025-04-11T17:00:38.121902" elapsed="0.001001"/>
</if>
<var name="${element}"> </var>
<status status="PASS" start="2025-04-11T17:00:38.121902" elapsed="0.001001"/>
</iter>
<iter>
<kw name="Evaluate" owner="BuiltIn">
<msg time="2025-04-11T17:00:38.123902" level="INFO">${condition} = False</msg>
<var>${condition}</var>
<arg>'${element}' not in ${text1}</arg>
<doc>Evaluates the given expression in Python and returns the result.</doc>
<status status="PASS" start="2025-04-11T17:00:38.122903" elapsed="0.000999"/>
</kw>
<if>
<branch type="IF" condition="${condition}">
<kw name="Append To List" owner="Collections">
<arg>${unique_elements}</arg>
<arg>${element}</arg>
<doc>Adds ``values`` to the end of ``list``.</doc>
<status status="NOT RUN" start="2025-04-11T17:00:38.123902" elapsed="0.000000"/>
</kw>
<status status="NOT RUN" start="2025-04-11T17:00:38.123902" elapsed="0.000000"/>
</branch>
<branch type="ELSE">
<kw name="Continue For Loop" owner="BuiltIn">
<msg time="2025-04-11T17:00:38.123902" level="INFO">Continuing for loop from the next iteration.</msg>
<doc>Skips the current FOR loop iteration and continues from the next.</doc>
<status status="PASS" start="2025-04-11T17:00:38.123902" elapsed="0.000000"/>
</kw>
<status status="PASS" start="2025-04-11T17:00:38.123902" elapsed="0.000000"/>
</branch>
<status status="PASS" start="2025-04-11T17:00:38.123902" elapsed="0.000000"/>
</if>
<var name="${element}"> </var>
<status status="PASS" start="2025-04-11T17:00:38.122903" elapsed="0.000999"/>
</iter>
<iter>
<kw name="Evaluate" owner="BuiltIn">
<msg time="2025-04-11T17:00:38.124901" level="INFO">${condition} = False</msg>
<var>${condition}</var>
<arg>'${element}' not in ${text1}</arg>
<doc>Evaluates the given expression in Python and returns the result.</doc>
<status status="PASS" start="2025-04-11T17:00:38.124901" elapsed="0.000000"/>
</kw>
<if>
<branch type="IF" condition="${condition}">
<kw name="Append To List" owner="Collections">
<arg>${unique_elements}</arg>
<arg>${element}</arg>
<doc>Adds ``values`` to the end of ``list``.</doc>
<status status="NOT RUN" start="2025-04-11T17:00:38.124901" elapsed="0.000000"/>
</kw>
<status status="NOT RUN" start="2025-04-11T17:00:38.124901" elapsed="0.000000"/>
</branch>
<branch type="ELSE">
<kw name="Continue For Loop" owner="BuiltIn">
<msg time="2025-04-11T17:00:38.124901" level="INFO">Continuing for loop from the next iteration.</msg>
<doc>Skips the current FOR loop iteration and continues from the next.</doc>
<status status="PASS" start="2025-04-11T17:00:38.124901" elapsed="0.001001"/>
</kw>
<status status="PASS" start="2025-04-11T17:00:38.124901" elapsed="0.001001"/>
</branch>
<status status="PASS" start="2025-04-11T17:00:38.124901" elapsed="0.001001"/>
</if>
<var name="${element}"> </var>
<status status="PASS" start="2025-04-11T17:00:38.123902" elapsed="0.002000"/>
</iter>
<iter>
<kw name="Evaluate" owner="BuiltIn">
<msg time="2025-04-11T17:00:38.125902" level="INFO">${condition} = False</msg>
<var>${condition}</var>
<arg>'${element}' not in ${text1}</arg>
<doc>Evaluates the given expression in Python and returns the result.</doc>
<status status="PASS" start="2025-04-11T17:00:38.125902" elapsed="0.000000"/>
</kw>
<if>
<branch type="IF" condition="${condition}">
<kw name="Append To List" owner="Collections">
<arg>${unique_elements}</arg>
<arg>${element}</arg>
<doc>Adds ``values`` to the end of ``list``.</doc>
<status status="NOT RUN" start="2025-04-11T17:00:38.125902" elapsed="0.000000"/>
</kw>
<status status="NOT RUN" start="2025-04-11T17:00:38.125902" elapsed="0.000000"/>
</branch>
<branch type="ELSE">
<kw name="Continue For Loop" owner="BuiltIn">
<msg time="2025-04-11T17:00:38.126901" level="INFO">Continuing for loop from the next iteration.</msg>
<doc>Skips the current FOR loop iteration and continues from the next.</doc>
<status status="PASS" start="2025-04-11T17:00:38.126901" elapsed="0.000000"/>
</kw>
<status status="PASS" start="2025-04-11T17:00:38.125902" elapsed="0.000999"/>
</branch>
<status status="PASS" start="2025-04-11T17:00:38.125902" elapsed="0.000999"/>
</if>
<var name="${element}"> </var>
<status status="PASS" start="2025-04-11T17:00:38.125902" elapsed="0.000999"/>
</iter>
<iter>
<kw name="Evaluate" owner="BuiltIn">
<msg time="2025-04-11T17:00:38.126901" level="INFO">${condition} = False</msg>
<var>${condition}</var>
<arg>'${element}' not in ${text1}</arg>
<doc>Evaluates the given expression in Python and returns the result.</doc>
<status status="PASS" start="2025-04-11T17:00:38.126901" elapsed="0.000000"/>
</kw>
<if>
<branch type="IF" condition="${condition}">
<kw name="Append To List" owner="Collections">
<arg>${unique_elements}</arg>
<arg>${element}</arg>
<doc>Adds ``values`` to the end of ``list``.</doc>
<status status="NOT RUN" start="2025-04-11T17:00:38.126901" elapsed="0.001000"/>
</kw>
<status status="NOT RUN" start="2025-04-11T17:00:38.126901" elapsed="0.001000"/>
</branch>
<branch type="ELSE">
<kw name="Continue For Loop" owner="BuiltIn">
<msg time="2025-04-11T17:00:38.127901" level="INFO">Continuing for loop from the next iteration.</msg>
<doc>Skips the current FOR loop iteration and continues from the next.</doc>
<status status="PASS" start="2025-04-11T17:00:38.127901" elapsed="0.000000"/>
</kw>
<status status="PASS" start="2025-04-11T17:00:38.127901" elapsed="0.000000"/>
</branch>
<status status="PASS" start="2025-04-11T17:00:38.126901" elapsed="0.001000"/>
</if>
<var name="${element}"> </var>
<status status="PASS" start="2025-04-11T17:00:38.126901" elapsed="0.001000"/>
</iter>
<iter>
<kw name="Evaluate" owner="BuiltIn">
<msg time="2025-04-11T17:00:38.127901" level="INFO">${condition} = False</msg>
<var>${condition}</var>
<arg>'${element}' not in ${text1}</arg>
<doc>Evaluates the given expression in Python and returns the result.</doc>
<status status="PASS" start="2025-04-11T17:00:38.127901" elapsed="0.000000"/>
</kw>
<if>
<branch type="IF" condition="${condition}">
<kw name="Append To List" owner="Collections">
<arg>${unique_elements}</arg>
<arg>${element}</arg>
<doc>Adds ``values`` to the end of ``list``.</doc>
<status status="NOT RUN" start="2025-04-11T17:00:38.128901" elapsed="0.000000"/>
</kw>
<status status="NOT RUN" start="2025-04-11T17:00:38.127901" elapsed="0.001000"/>
</branch>
<branch type="ELSE">
<kw name="Continue For Loop" owner="BuiltIn">
<msg time="2025-04-11T17:00:38.128901" level="INFO">Continuing for loop from the next iteration.</msg>
<doc>Skips the current FOR loop iteration and continues from the next.</doc>
<status status="PASS" start="2025-04-11T17:00:38.128901" elapsed="0.000000"/>
</kw>
<status status="PASS" start="2025-04-11T17:00:38.128901" elapsed="0.000000"/>
</branch>
<status status="PASS" start="2025-04-11T17:00:38.127901" elapsed="0.001000"/>
</if>
<var name="${element}"> </var>
<status status="PASS" start="2025-04-11T17:00:38.127901" elapsed="0.001000"/>
</iter>
<iter>
<kw name="Evaluate" owner="BuiltIn">
<msg time="2025-04-11T17:00:38.128901" level="INFO">${condition} = False</msg>
<var>${condition}</var>
<arg>'${element}' not in ${text1}</arg>
<doc>Evaluates the given expression in Python and returns the result.</doc>
<status status="PASS" start="2025-04-11T17:00:38.128901" elapsed="0.000000"/>
</kw>
<if>
<branch type="IF" condition="${condition}">
<kw name="Append To List" owner="Collections">
<arg>${unique_elements}</arg>
<arg>${element}</arg>
<doc>Adds ``values`` to the end of ``list``.</doc>
<status status="NOT RUN" start="2025-04-11T17:00:38.129902" elapsed="0.000000"/>
</kw>
<status status="NOT RUN" start="2025-04-11T17:00:38.129902" elapsed="0.000000"/>
</branch>
<branch type="ELSE">
<kw name="Continue For Loop" owner="BuiltIn">
<msg time="2025-04-11T17:00:38.129902" level="INFO">Continuing for loop from the next iteration.</msg>
<doc>Skips the current FOR loop iteration and continues from the next.</doc>
<status status="PASS" start="2025-04-11T17:00:38.129902" elapsed="0.000000"/>
</kw>
<status status="PASS" start="2025-04-11T17:00:38.129902" elapsed="0.000000"/>
</branch>
<status status="PASS" start="2025-04-11T17:00:38.129902" elapsed="0.000000"/>
</if>
<var name="${element}"> </var>
<status status="PASS" start="2025-04-11T17:00:38.128901" elapsed="0.001001"/>
</iter>
<iter>
<kw name="Evaluate" owner="BuiltIn">
<msg time="2025-04-11T17:00:38.130902" level="INFO">${condition} = False</msg>
<var>${condition}</var>
<arg>'${element}' not in ${text1}</arg>
<doc>Evaluates the given expression in Python and returns the result.</doc>
<status status="PASS" start="2025-04-11T17:00:38.129902" elapsed="0.001000"/>
</kw>
<if>
<branch type="IF" condition="${condition}">
<kw name="Append To List" owner="Collections">
<arg>${unique_elements}</arg>
<arg>${element}</arg>
<doc>Adds ``values`` to the end of ``list``.</doc>
<status status="NOT RUN" start="2025-04-11T17:00:38.130902" elapsed="0.000393"/>
</kw>
<status status="NOT RUN" start="2025-04-11T17:00:38.130902" elapsed="0.000393"/>
</branch>
<branch type="ELSE">
<kw name="Continue For Loop" owner="BuiltIn">
<msg time="2025-04-11T17:00:38.131494" level="INFO">Continuing for loop from the next iteration.</msg>
<doc>Skips the current FOR loop iteration and continues from the next.</doc>
<status status="PASS" start="2025-04-11T17:00:38.131402" elapsed="0.000092"/>
</kw>
<status status="PASS" start="2025-04-11T17:00:38.131295" elapsed="0.000199"/>
</branch>
<status status="PASS" start="2025-04-11T17:00:38.130902" elapsed="0.000592"/>
</if>
<var name="${element}"> </var>
<status status="PASS" start="2025-04-11T17:00:38.129902" elapsed="0.001592"/>
</iter>
<iter>
<kw name="Evaluate" owner="BuiltIn">
<msg time="2025-04-11T17:00:38.131494" level="INFO">${condition} = False</msg>
<var>${condition}</var>
<arg>'${element}' not in ${text1}</arg>
<doc>Evaluates the given expression in Python and returns the result.</doc>
<status status="PASS" start="2025-04-11T17:00:38.131494" elapsed="0.000000"/>
</kw>
<if>
<branch type="IF" condition="${condition}">
<kw name="Append To List" owner="Collections">
<arg>${unique_elements}</arg>
<arg>${element}</arg>
<doc>Adds ``values`` to the end of ``list``.</doc>
<status status="NOT RUN" start="2025-04-11T17:00:38.132510" elapsed="0.000000"/>
</kw>
<status status="NOT RUN" start="2025-04-11T17:00:38.131494" elapsed="0.001016"/>
</branch>
<branch type="ELSE">
<kw name="Continue For Loop" owner="BuiltIn">
<msg time="2025-04-11T17:00:38.132510" level="INFO">Continuing for loop from the next iteration.</msg>
<doc>Skips the current FOR loop iteration and continues from the next.</doc>
<status status="PASS" start="2025-04-11T17:00:38.132510" elapsed="0.000000"/>
</kw>
<status status="PASS" start="2025-04-11T17:00:38.132510" elapsed="0.000000"/>
</branch>
<status status="PASS" start="2025-04-11T17:00:38.131494" elapsed="0.001016"/>
</if>
<var name="${element}"> </var>
<status status="PASS" start="2025-04-11T17:00:38.131494" elapsed="0.001016"/>
</iter>
<var>${element}</var>
<value>@{text2}</value>
<status status="PASS" start="2025-04-11T17:00:38.082825" elapsed="0.049685"/>
</for>
<return>
<value>${unique_elements}</value>
<status status="PASS" start="2025-04-11T17:00:38.132510" elapsed="0.000000"/>
</return>
<msg time="2025-04-11T17:00:38.132510" level="INFO">${unique_elements} = ['Customer details', 'Date:18/03/2025', 'Alice ', '26 ', 'Freelance ', '30,000   ', 'Customer details  ', 'Date:19/02/2025', 'Bob ', '27 ', 'Programmer ', '40,000   ']</msg>
<var>${unique_elements}</var>
<arg>${customer1_file}</arg>
<arg>${customer3_file}</arg>
<status status="PASS" start="2025-04-11T17:00:37.503147" elapsed="0.629363"/>
</kw>
<kw name="Log" owner="BuiltIn">
<msg time="2025-04-11T17:00:38.133509" level="INFO">['Customer details', 'Date:18/03/2025', 'Alice ', '26 ', 'Freelance ', '30,000   ', 'Customer details  ', 'Date:19/02/2025', 'Bob ', '27 ', 'Programmer ', '40,000   ']</msg>
<arg>${unique_elements}</arg>
<doc>Logs the given message with the given level.</doc>
<status status="PASS" start="2025-04-11T17:00:38.133509" elapsed="0.000000"/>
</kw>
<tag>test</tag>
<status status="PASS" start="2025-04-11T17:00:37.500037" elapsed="0.634474"/>
</test>
<status status="FAIL" start="2025-04-11T17:00:29.143302" elapsed="8.993209"/>
</suite>
<statistics>
<total>
<stat pass="8" fail="5" skip="0">All Tests</stat>
</total>
<tag>
<stat pass="8" fail="5" skip="0">test</stat>
</tag>
<suite>
<stat pass="8" fail="5" skip="0" id="s1" name="Doctest testcases">Doctest testcases</stat>
</suite>
</statistics>
<errors>
</errors>
</robot>
